<?xml version="1.0" encoding="UTF-8"?>
<coverage generated="1785727059721" clover="3.2.0">
  <project timestamp="1785727059721" name="All files">
    <metrics statements="405" coveredstatements="382" conditionals="202" coveredconditionals="182" methods="32" coveredmethods="32" elements="639" coveredelements="596" complexity="0" loc="405" ncloc="405" packages="1" files="1" classes="1"/>
    <file name="index.ts" path="/Users/paulhodel/PhpstormProjects/lemonadejs/lemonadejs/components/treeview/src/index.ts">
      <metrics statements="405" coveredstatements="382" conditionals="202" coveredconditionals="182" methods="32" coveredmethods="32"/>
      <line num="1" count="1" type="stmt"/>
      <line num="58" count="1" type="stmt"/>
      <line num="82" count="1" type="stmt"/>
      <line num="83" count="1" type="stmt"/>
      <line num="84" count="1" type="stmt"/>
      <line num="85" count="1" type="stmt"/>
      <line num="86" count="1" type="stmt"/>
      <line num="87" count="1" type="stmt"/>
      <line num="88" count="1" type="stmt"/>
      <line num="89" count="1" type="stmt"/>
      <line num="90" count="1" type="cond" truecount="1" falsecount="0"/>
      <line num="91" count="38" type="stmt"/>
      <line num="93" count="38" type="cond" truecount="2" falsecount="0"/>
      <line num="96" count="38" type="cond" truecount="1" falsecount="0"/>
      <line num="97" count="112" type="cond" truecount="1" falsecount="0"/>
      <line num="98" count="186" type="cond" truecount="1" falsecount="0"/>
      <line num="99" count="46" type="stmt"/>
      <line num="100" count="46" type="cond" truecount="1" falsecount="0"/>
      <line num="101" count="186" type="cond" truecount="2" falsecount="0"/>
      <line num="102" count="65" type="stmt"/>
      <line num="103" count="65" type="cond" truecount="1" falsecount="0"/>
      <line num="104" count="29" type="stmt"/>
      <line num="105" count="29" type="stmt"/>
      <line num="106" count="65" type="stmt"/>
      <line num="107" count="186" type="cond" truecount="1" falsecount="0"/>
      <line num="108" count="37" type="stmt"/>
      <line num="109" count="112" type="stmt"/>
      <line num="112" count="38" type="cond" truecount="1" falsecount="0"/>
      <line num="113" count="81" type="cond" truecount="1" falsecount="0"/>
      <line num="114" count="120" type="cond" truecount="1" falsecount="0"/>
      <line num="115" count="34" type="stmt"/>
      <line num="116" count="34" type="cond" truecount="1" falsecount="0"/>
      <line num="117" count="120" type="cond" truecount="2" falsecount="0"/>
      <line num="118" count="47" type="stmt"/>
      <line num="119" count="47" type="cond" truecount="1" falsecount="0"/>
      <line num="120" count="26" type="stmt"/>
      <line num="121" count="26" type="stmt"/>
      <line num="122" count="47" type="stmt"/>
      <line num="123" count="120" type="cond" truecount="1" falsecount="0"/>
      <line num="124" count="21" type="stmt"/>
      <line num="125" count="81" type="stmt"/>
      <line num="127" count="38" type="cond" truecount="1" falsecount="0"/>
      <line num="128" count="14" type="cond" truecount="1" falsecount="0"/>
      <line num="129" count="23" type="cond" truecount="1" falsecount="0"/>
      <line num="130" count="5" type="stmt"/>
      <line num="131" count="5" type="cond" truecount="1" falsecount="0"/>
      <line num="132" count="23" type="cond" truecount="2" falsecount="0"/>
      <line num="133" count="9" type="stmt"/>
      <line num="134" count="9" type="cond" truecount="1" falsecount="0"/>
      <line num="135" count="4" type="stmt"/>
      <line num="136" count="4" type="stmt"/>
      <line num="137" count="9" type="stmt"/>
      <line num="138" count="23" type="cond" truecount="1" falsecount="0"/>
      <line num="139" count="5" type="stmt"/>
      <line num="140" count="14" type="stmt"/>
      <line num="143" count="38" type="stmt"/>
      <line num="144" count="38" type="cond" truecount="1" falsecount="0"/>
      <line num="145" count="118" type="cond" truecount="1" falsecount="0"/>
      <line num="146" count="210" type="cond" truecount="1" falsecount="0"/>
      <line num="147" count="30" type="stmt"/>
      <line num="148" count="30" type="stmt"/>
      <line num="149" count="210" type="cond" truecount="2" falsecount="0"/>
      <line num="150" count="80" type="stmt"/>
      <line num="151" count="80" type="stmt"/>
      <line num="152" count="210" type="stmt"/>
      <line num="153" count="118" type="stmt"/>
      <line num="154" count="38" type="stmt"/>
      <line num="155" count="38" type="stmt"/>
      <line num="156" count="38" type="cond" truecount="1" falsecount="0"/>
      <line num="158" count="38" type="cond" truecount="1" falsecount="0"/>
      <line num="159" count="12" type="stmt"/>
      <line num="160" count="12" type="cond" truecount="3" falsecount="0"/>
      <line num="161" count="2" type="stmt"/>
      <line num="162" count="2" type="cond" truecount="1" falsecount="0"/>
      <line num="163" count="12" type="cond" truecount="1" falsecount="0"/>
      <line num="164" count="5" type="stmt"/>
      <line num="165" count="5" type="stmt"/>
      <line num="166" count="5" type="stmt"/>
      <line num="167" count="5" type="cond" truecount="1" falsecount="0"/>
      <line num="168" count="10" type="stmt"/>
      <line num="169" count="12" type="cond" truecount="1" falsecount="0"/>
      <line num="170" count="12" type="stmt"/>
      <line num="177" count="38" type="cond" truecount="1" falsecount="0"/>
      <line num="178" count="12" type="stmt"/>
      <line num="179" count="12" type="cond" truecount="2" falsecount="0"/>
      <line num="180" count="2" type="stmt"/>
      <line num="181" count="2" type="cond" truecount="1" falsecount="0"/>
      <line num="182" count="10" type="stmt"/>
      <line num="183" count="12" type="cond" truecount="1" falsecount="0"/>
      <line num="184" count="12" type="stmt"/>
      <line num="186" count="38" type="cond" truecount="1" falsecount="0"/>
      <line num="187" count="3" type="cond" truecount="1" falsecount="0"/>
      <line num="188" count="3" type="cond" truecount="1" falsecount="0"/>
      <line num="189" count="3" type="cond" truecount="1" falsecount="0"/>
      <line num="190" count="3" type="cond" truecount="1" falsecount="0"/>
      <line num="191" count="3" type="stmt"/>
      <line num="194" count="38" type="stmt"/>
      <line num="196" count="38" type="cond" truecount="1" falsecount="0"/>
      <line num="197" count="12" type="stmt"/>
      <line num="198" count="12" type="cond" truecount="1" falsecount="0"/>
      <line num="199" count="36" type="cond" truecount="1" falsecount="0"/>
      <line num="200" count="68" type="stmt"/>
      <line num="201" count="68" type="cond" truecount="3" falsecount="0"/>
      <line num="202" count="24" type="stmt"/>
      <line num="203" count="24" type="stmt"/>
      <line num="204" count="68" type="stmt"/>
      <line num="205" count="36" type="stmt"/>
      <line num="206" count="12" type="stmt"/>
      <line num="207" count="12" type="stmt"/>
      <line num="208" count="12" type="stmt"/>
      <line num="210" count="38" type="cond" truecount="1" falsecount="0"/>
      <line num="211" count="13" type="cond" truecount="0" falsecount="1"/>
      <line num="212" count="0" type="stmt"/>
      <line num="213" count="0" type="stmt"/>
      <line num="214" count="13" type="stmt"/>
      <line num="215" count="13" type="cond" truecount="1" falsecount="0"/>
      <line num="216" count="58" type="cond" truecount="1" falsecount="0"/>
      <line num="217" count="13" type="stmt"/>
      <line num="218" count="13" type="stmt"/>
      <line num="219" count="58" type="cond" truecount="0" falsecount="1"/>
      <line num="220" count="0" type="stmt"/>
      <line num="221" count="13" type="stmt"/>
      <line num="223" count="38" type="cond" truecount="1" falsecount="0"/>
      <line num="224" count="14" type="cond" truecount="1" falsecount="0"/>
      <line num="225" count="13" type="stmt"/>
      <line num="226" count="13" type="stmt"/>
      <line num="227" count="14" type="stmt"/>
      <line num="229" count="38" type="cond" truecount="1" falsecount="0"/>
      <line num="230" count="19" type="stmt"/>
      <line num="231" count="19" type="cond" truecount="0" falsecount="1"/>
      <line num="232" count="19" type="cond" truecount="0" falsecount="1"/>
      <line num="233" count="0" type="stmt"/>
      <line num="234" count="0" type="stmt"/>
      <line num="235" count="19" type="cond" truecount="3" falsecount="0"/>
      <line num="236" count="19" type="cond" truecount="1" falsecount="0"/>
      <line num="237" count="2" type="stmt"/>
      <line num="238" count="2" type="stmt"/>
      <line num="239" count="19" type="cond" truecount="2" falsecount="0"/>
      <line num="240" count="2" type="stmt"/>
      <line num="241" count="2" type="cond" truecount="1" falsecount="0"/>
      <line num="242" count="1" type="stmt"/>
      <line num="243" count="1" type="stmt"/>
      <line num="244" count="1" type="stmt"/>
      <line num="245" count="1" type="stmt"/>
      <line num="246" count="17" type="cond" truecount="2" falsecount="0"/>
      <line num="247" count="3" type="stmt"/>
      <line num="248" count="3" type="cond" truecount="2" falsecount="0"/>
      <line num="249" count="2" type="stmt"/>
      <line num="250" count="3" type="cond" truecount="1" falsecount="0"/>
      <line num="251" count="1" type="stmt"/>
      <line num="252" count="1" type="stmt"/>
      <line num="253" count="15" type="cond" truecount="2" falsecount="0"/>
      <line num="254" count="12" type="stmt"/>
      <line num="255" count="12" type="stmt"/>
      <line num="256" count="12" type="cond" truecount="1" falsecount="0"/>
      <line num="257" count="12" type="stmt"/>
      <line num="258" count="12" type="cond" truecount="2" falsecount="0"/>
      <line num="259" count="12" type="stmt"/>
      <line num="260" count="12" type="stmt"/>
      <line num="261" count="19" type="stmt"/>
      <line num="271" count="38" type="stmt"/>
      <line num="277" count="38" type="stmt"/>
      <line num="278" count="38" type="stmt"/>
      <line num="281" count="38" type="cond" truecount="1" falsecount="0"/>
      <line num="282" count="18" type="cond" truecount="3" falsecount="0"/>
      <line num="285" count="38" type="cond" truecount="1" falsecount="0"/>
      <line num="286" count="17" type="cond" truecount="1" falsecount="0"/>
      <line num="287" count="17" type="cond" truecount="1" falsecount="0"/>
      <line num="288" count="10" type="stmt"/>
      <line num="289" count="10" type="cond" truecount="1" falsecount="0"/>
      <line num="290" count="7" type="stmt"/>
      <line num="291" count="7" type="stmt"/>
      <line num="292" count="7" type="stmt"/>
      <line num="293" count="7" type="stmt"/>
      <line num="294" count="7" type="stmt"/>
      <line num="295" count="7" type="stmt"/>
      <line num="296" count="7" type="stmt"/>
      <line num="297" count="7" type="cond" truecount="0" falsecount="1"/>
      <line num="298" count="0" type="stmt"/>
      <line num="299" count="17" type="stmt"/>
      <line num="302" count="38" type="cond" truecount="1" falsecount="0"/>
      <line num="303" count="15" type="cond" truecount="0" falsecount="1"/>
      <line num="304" count="0" type="stmt"/>
      <line num="305" count="0" type="stmt"/>
      <line num="306" count="15" type="stmt"/>
      <line num="307" count="15" type="stmt"/>
      <line num="308" count="15" type="stmt"/>
      <line num="310" count="38" type="cond" truecount="1" falsecount="0"/>
      <line num="311" count="6" type="stmt"/>
      <line num="312" count="6" type="stmt"/>
      <line num="313" count="6" type="cond" truecount="0" falsecount="1"/>
      <line num="314" count="0" type="stmt"/>
      <line num="315" count="0" type="stmt"/>
      <line num="316" count="6" type="stmt"/>
      <line num="317" count="6" type="stmt"/>
      <line num="318" count="6" type="stmt"/>
      <line num="319" count="6" type="cond" truecount="1" falsecount="0"/>
      <line num="320" count="2" type="stmt"/>
      <line num="321" count="2" type="stmt"/>
      <line num="322" count="2" type="stmt"/>
      <line num="323" count="2" type="stmt"/>
      <line num="324" count="2" type="stmt"/>
      <line num="325" count="2" type="stmt"/>
      <line num="326" count="2" type="stmt"/>
      <line num="327" count="2" type="stmt"/>
      <line num="328" count="6" type="cond" truecount="1" falsecount="0"/>
      <line num="329" count="4" type="stmt"/>
      <line num="330" count="4" type="cond" truecount="0" falsecount="1"/>
      <line num="331" count="0" type="stmt"/>
      <line num="332" count="0" type="stmt"/>
      <line num="333" count="0" type="stmt"/>
      <line num="334" count="4" type="cond" truecount="2" falsecount="0"/>
      <line num="335" count="4" type="stmt"/>
      <line num="336" count="4" type="stmt"/>
      <line num="337" count="4" type="cond" truecount="2" falsecount="0"/>
      <line num="338" count="4" type="stmt"/>
      <line num="339" count="6" type="stmt"/>
      <line num="340" count="6" type="cond" truecount="1" falsecount="0"/>
      <line num="341" count="6" type="stmt"/>
      <line num="347" count="38" type="cond" truecount="1" falsecount="0"/>
      <line num="348" count="22" type="cond" truecount="0" falsecount="1"/>
      <line num="349" count="0" type="stmt"/>
      <line num="350" count="0" type="stmt"/>
      <line num="351" count="22" type="cond" truecount="1" falsecount="0"/>
      <line num="352" count="102" type="stmt"/>
      <line num="353" count="102" type="cond" truecount="3" falsecount="0"/>
      <line num="354" count="87" type="stmt"/>
      <line num="355" count="87" type="cond" truecount="1" falsecount="0"/>
      <line num="356" count="102" type="stmt"/>
      <line num="357" count="102" type="cond" truecount="1" falsecount="1"/>
      <line num="358" count="102" type="cond" truecount="2" falsecount="0"/>
      <line num="359" count="1" type="stmt"/>
      <line num="360" count="1" type="cond" truecount="1" falsecount="0"/>
      <line num="361" count="14" type="stmt"/>
      <line num="366" count="14" type="cond" truecount="1" falsecount="0"/>
      <line num="367" count="3" type="cond" truecount="3" falsecount="1"/>
      <line num="368" count="11" type="cond" truecount="2" falsecount="0"/>
      <line num="369" count="102" type="stmt"/>
      <line num="370" count="102" type="cond" truecount="1" falsecount="0"/>
      <line num="371" count="8" type="stmt"/>
      <line num="372" count="22" type="stmt"/>
      <line num="377" count="38" type="stmt"/>
      <line num="378" count="38" type="stmt"/>
      <line num="379" count="38" type="cond" truecount="2" falsecount="0"/>
      <line num="382" count="38" type="cond" truecount="1" falsecount="0"/>
      <line num="383" count="11" type="cond" truecount="1" falsecount="0"/>
      <line num="384" count="44" type="stmt"/>
      <line num="385" count="44" type="cond" truecount="0" falsecount="2"/>
      <line num="386" count="0" type="stmt"/>
      <line num="387" count="0" type="stmt"/>
      <line num="388" count="44" type="stmt"/>
      <line num="389" count="11" type="stmt"/>
      <line num="390" count="11" type="stmt"/>
      <line num="392" count="38" type="cond" truecount="1" falsecount="0"/>
      <line num="393" count="12" type="cond" truecount="2" falsecount="0"/>
      <line num="394" count="1" type="stmt"/>
      <line num="395" count="1" type="cond" truecount="1" falsecount="0"/>
      <line num="396" count="12" type="cond" truecount="0" falsecount="1"/>
      <line num="397" count="12" type="stmt"/>
      <line num="398" count="12" type="stmt"/>
      <line num="399" count="12" type="stmt"/>
      <line num="400" count="12" type="stmt"/>
      <line num="406" count="12" type="stmt"/>
      <line num="407" count="12" type="stmt"/>
      <line num="408" count="12" type="stmt"/>
      <line num="409" count="12" type="cond" truecount="1" falsecount="0"/>
      <line num="410" count="10" type="stmt"/>
      <line num="411" count="10" type="stmt"/>
      <line num="412" count="10" type="cond" truecount="0" falsecount="1"/>
      <line num="413" count="10" type="cond" truecount="0" falsecount="1"/>
      <line num="414" count="10" type="cond" truecount="0" falsecount="1"/>
      <line num="415" count="10" type="stmt"/>
      <line num="416" count="10" type="cond" truecount="0" falsecount="1"/>
      <line num="417" count="0" type="stmt"/>
      <line num="418" count="0" type="stmt"/>
      <line num="419" count="0" type="stmt"/>
      <line num="420" count="10" type="stmt"/>
      <line num="421" count="10" type="cond" truecount="0" falsecount="1"/>
      <line num="422" count="0" type="stmt"/>
      <line num="423" count="10" type="stmt"/>
      <line num="424" count="10" type="stmt"/>
      <line num="425" count="10" type="stmt"/>
      <line num="426" count="10" type="stmt"/>
      <line num="427" count="10" type="cond" truecount="1" falsecount="0"/>
      <line num="428" count="6" type="stmt"/>
      <line num="429" count="6" type="stmt"/>
      <line num="430" count="10" type="stmt"/>
      <line num="431" count="10" type="stmt"/>
      <line num="433" count="12" type="cond" truecount="1" falsecount="0"/>
      <line num="434" count="11" type="stmt"/>
      <line num="435" count="11" type="stmt"/>
      <line num="436" count="11" type="stmt"/>
      <line num="437" count="11" type="stmt"/>
      <line num="438" count="11" type="cond" truecount="1" falsecount="0"/>
      <line num="439" count="10" type="stmt"/>
      <line num="440" count="10" type="stmt"/>
      <line num="441" count="10" type="stmt"/>
      <line num="442" count="11" type="stmt"/>
      <line num="443" count="11" type="stmt"/>
      <line num="444" count="11" type="stmt"/>
      <line num="445" count="11" type="cond" truecount="1" falsecount="0"/>
      <line num="446" count="10" type="stmt"/>
      <line num="447" count="10" type="stmt"/>
      <line num="448" count="11" type="cond" truecount="1" falsecount="0"/>
      <line num="450" count="11" type="stmt"/>
      <line num="451" count="11" type="stmt"/>
      <line num="452" count="11" type="cond" truecount="3" falsecount="0"/>
      <line num="453" count="6" type="stmt"/>
      <line num="454" count="6" type="stmt"/>
      <line num="455" count="11" type="stmt"/>
      <line num="456" count="11" type="stmt"/>
      <line num="457" count="12" type="cond" truecount="1" falsecount="0"/>
      <line num="458" count="12" type="cond" truecount="1" falsecount="1"/>
      <line num="459" count="0" type="stmt"/>
      <line num="460" count="0" type="stmt"/>
      <line num="461" count="12" type="cond" truecount="1" falsecount="0"/>
      <line num="465" count="10" type="stmt"/>
      <line num="466" count="10" type="stmt"/>
      <line num="467" count="10" type="stmt"/>
      <line num="468" count="10" type="stmt"/>
      <line num="469" count="12" type="stmt"/>
      <line num="470" count="12" type="stmt"/>
      <line num="471" count="12" type="stmt"/>
      <line num="472" count="12" type="cond" truecount="1" falsecount="0"/>
      <line num="473" count="12" type="stmt"/>
      <line num="474" count="12" type="stmt"/>
      <line num="475" count="12" type="stmt"/>
      <line num="476" count="12" type="stmt"/>
      <line num="477" count="12" type="stmt"/>
      <line num="478" count="12" type="stmt"/>
      <line num="479" count="12" type="stmt"/>
      <line num="480" count="12" type="stmt"/>
      <line num="481" count="12" type="cond" truecount="1" falsecount="0"/>
      <line num="482" count="8" type="stmt"/>
      <line num="483" count="12" type="cond" truecount="1" falsecount="0"/>
      <line num="488" count="4" type="stmt"/>
      <line num="489" count="4" type="stmt"/>
      <line num="490" count="4" type="cond" truecount="1" falsecount="0"/>
      <line num="491" count="4" type="cond" truecount="1" falsecount="0"/>
      <line num="492" count="4" type="cond" truecount="1" falsecount="0"/>
      <line num="493" count="3" type="stmt"/>
      <line num="494" count="3" type="stmt"/>
      <line num="495" count="4" type="stmt"/>
      <line num="496" count="12" type="stmt"/>
      <line num="497" count="12" type="stmt"/>
      <line num="498" count="12" type="cond" truecount="1" falsecount="0"/>
      <line num="499" count="12" type="cond" truecount="1" falsecount="0"/>
      <line num="500" count="1" type="stmt"/>
      <line num="501" count="1" type="stmt"/>
      <line num="502" count="1" type="stmt"/>
      <line num="503" count="12" type="stmt"/>
      <line num="504" count="12" type="cond" truecount="1" falsecount="0"/>
      <line num="505" count="12" type="stmt"/>
      <line num="507" count="38" type="cond" truecount="1" falsecount="0"/>
      <line num="508" count="9" type="cond" truecount="1" falsecount="0"/>
      <line num="509" count="1" type="stmt"/>
      <line num="510" count="1" type="stmt"/>
      <line num="511" count="1" type="cond" truecount="1" falsecount="0"/>
      <line num="512" count="8" type="stmt"/>
      <line num="513" count="9" type="stmt"/>
      <line num="516" count="38" type="cond" truecount="1" falsecount="0"/>
      <line num="517" count="365" type="cond" truecount="2" falsecount="0"/>
      <line num="522" count="38" type="cond" truecount="1" falsecount="0"/>
      <line num="523" count="491" type="stmt"/>
      <line num="524" count="491" type="cond" truecount="2" falsecount="0"/>
      <line num="525" count="12" type="stmt"/>
      <line num="526" count="12" type="stmt"/>
      <line num="527" count="491" type="stmt"/>
      <line num="528" count="491" type="cond" truecount="2" falsecount="0"/>
      <line num="529" count="15" type="stmt"/>
      <line num="530" count="15" type="stmt"/>
      <line num="531" count="491" type="stmt"/>
      <line num="532" count="491" type="stmt"/>
      <line num="541" count="38" type="cond" truecount="1" falsecount="0"/>
      <line num="542" count="285" type="cond" truecount="3" falsecount="0"/>
      <line num="543" count="285" type="cond" truecount="1" falsecount="0"/>
      <line num="544" count="285" type="stmt"/>
      <line num="545" count="285" type="cond" truecount="5" falsecount="0"/>
      <line num="546" count="285" type="cond" truecount="3" falsecount="0"/>
      <line num="547" count="285" type="cond" truecount="1" falsecount="0"/>
      <line num="549" count="285" type="cond" truecount="1" falsecount="0"/>
      <line num="550" count="285" type="cond" truecount="1" falsecount="0"/>
      <line num="552" count="285" type="cond" truecount="1" falsecount="0"/>
      <line num="553" count="4" type="stmt"/>
      <line num="554" count="4" type="stmt"/>
      <line num="555" count="4" type="stmt"/>
      <line num="556" count="4" type="stmt"/>
      <line num="557" count="285" type="stmt"/>
      <line num="558" count="285" type="cond" truecount="1" falsecount="0"/>
      <line num="560" count="285" type="cond" truecount="3" falsecount="0"/>
      <line num="562" count="285" type="stmt"/>
      <line num="564" count="38" type="stmt"/>
      <line num="565" count="38" type="cond" truecount="1" falsecount="0"/>
      <line num="566" count="38" type="stmt"/>
      <line num="567" count="38" type="cond" truecount="2" falsecount="0"/>
      <line num="568" count="38" type="cond" truecount="1" falsecount="0"/>
      <line num="571" count="60" type="stmt"/>
      <line num="572" count="60" type="cond" truecount="1" falsecount="0"/>
      <line num="573" count="12" type="stmt"/>
      <line num="574" count="12" type="stmt"/>
      <line num="575" count="12" type="cond" truecount="2" falsecount="0"/>
      <line num="577" count="48" type="stmt"/>
      <line num="578" count="38" type="stmt"/>
      <line num="580" count="38" type="stmt"/>
      <line num="582" count="1" type="stmt"/>
    </file>
  </project>
</coverage>
