{"/Users/paulhodel/PhpstormProjects/lemonadejs/lemonadejs/components/treeview/src/index.ts": {"path":"/Users/paulhodel/PhpstormProjects/lemonadejs/lemonadejs/components/treeview/src/index.ts","all":false,"statementMap":{"0":{"start":{"line":1,"column":0},"end":{"line":1,"column":3}},"57":{"start":{"line":58,"column":0},"end":{"line":58,"column":25}},"81":{"start":{"line":82,"column":0},"end":{"line":82,"column":47}},"82":{"start":{"line":83,"column":0},"end":{"line":83,"column":94}},"83":{"start":{"line":84,"column":0},"end":{"line":84,"column":58}},"84":{"start":{"line":85,"column":0},"end":{"line":85,"column":68}},"85":{"start":{"line":86,"column":0},"end":{"line":86,"column":60}},"86":{"start":{"line":87,"column":0},"end":{"line":87,"column":66}},"87":{"start":{"line":88,"column":0},"end":{"line":88,"column":76}},"88":{"start":{"line":89,"column":0},"end":{"line":89,"column":81}},"89":{"start":{"line":90,"column":0},"end":{"line":90,"column":51}},"90":{"start":{"line":91,"column":0},"end":{"line":91,"column":37}},"92":{"start":{"line":93,"column":0},"end":{"line":93,"column":75}},"95":{"start":{"line":96,"column":0},"end":{"line":96,"column":83}},"96":{"start":{"line":97,"column":0},"end":{"line":97,"column":31}},"97":{"start":{"line":98,"column":0},"end":{"line":98,"column":38}},"98":{"start":{"line":99,"column":0},"end":{"line":99,"column":25}},"99":{"start":{"line":100,"column":0},"end":{"line":100,"column":13}},"100":{"start":{"line":101,"column":0},"end":{"line":101,"column":37}},"101":{"start":{"line":102,"column":0},"end":{"line":102,"column":49}},"102":{"start":{"line":103,"column":0},"end":{"line":103,"column":26}},"103":{"start":{"line":104,"column":0},"end":{"line":104,"column":31}},"104":{"start":{"line":105,"column":0},"end":{"line":105,"column":17}},"105":{"start":{"line":106,"column":0},"end":{"line":106,"column":13}},"106":{"start":{"line":107,"column":0},"end":{"line":107,"column":9}},"107":{"start":{"line":108,"column":0},"end":{"line":108,"column":20}},"108":{"start":{"line":109,"column":0},"end":{"line":109,"column":6}},"111":{"start":{"line":112,"column":0},"end":{"line":112,"column":81}},"112":{"start":{"line":113,"column":0},"end":{"line":113,"column":31}},"113":{"start":{"line":114,"column":0},"end":{"line":114,"column":39}},"114":{"start":{"line":115,"column":0},"end":{"line":115,"column":25}},"115":{"start":{"line":116,"column":0},"end":{"line":116,"column":13}},"116":{"start":{"line":117,"column":0},"end":{"line":117,"column":37}},"117":{"start":{"line":118,"column":0},"end":{"line":118,"column":51}},"118":{"start":{"line":119,"column":0},"end":{"line":119,"column":26}},"119":{"start":{"line":120,"column":0},"end":{"line":120,"column":31}},"120":{"start":{"line":121,"column":0},"end":{"line":121,"column":17}},"121":{"start":{"line":122,"column":0},"end":{"line":122,"column":13}},"122":{"start":{"line":123,"column":0},"end":{"line":123,"column":9}},"123":{"start":{"line":124,"column":0},"end":{"line":124,"column":20}},"124":{"start":{"line":125,"column":0},"end":{"line":125,"column":6}},"126":{"start":{"line":127,"column":0},"end":{"line":127,"column":119}},"127":{"start":{"line":128,"column":0},"end":{"line":128,"column":31}},"128":{"start":{"line":129,"column":0},"end":{"line":129,"column":38}},"129":{"start":{"line":130,"column":0},"end":{"line":130,"column":30}},"130":{"start":{"line":131,"column":0},"end":{"line":131,"column":13}},"131":{"start":{"line":132,"column":0},"end":{"line":132,"column":37}},"132":{"start":{"line":133,"column":0},"end":{"line":133,"column":56}},"133":{"start":{"line":134,"column":0},"end":{"line":134,"column":35}},"134":{"start":{"line":135,"column":0},"end":{"line":135,"column":31}},"135":{"start":{"line":136,"column":0},"end":{"line":136,"column":17}},"136":{"start":{"line":137,"column":0},"end":{"line":137,"column":13}},"137":{"start":{"line":138,"column":0},"end":{"line":138,"column":9}},"138":{"start":{"line":139,"column":0},"end":{"line":139,"column":20}},"139":{"start":{"line":140,"column":0},"end":{"line":140,"column":6}},"142":{"start":{"line":143,"column":0},"end":{"line":143,"column":46}},"143":{"start":{"line":144,"column":0},"end":{"line":144,"column":40}},"144":{"start":{"line":145,"column":0},"end":{"line":145,"column":31}},"145":{"start":{"line":146,"column":0},"end":{"line":146,"column":25}},"146":{"start":{"line":147,"column":0},"end":{"line":147,"column":38}},"147":{"start":{"line":148,"column":0},"end":{"line":148,"column":13}},"148":{"start":{"line":149,"column":0},"end":{"line":149,"column":37}},"149":{"start":{"line":150,"column":0},"end":{"line":150,"column":33}},"150":{"start":{"line":151,"column":0},"end":{"line":151,"column":13}},"151":{"start":{"line":152,"column":0},"end":{"line":152,"column":9}},"152":{"start":{"line":153,"column":0},"end":{"line":153,"column":6}},"153":{"start":{"line":154,"column":0},"end":{"line":154,"column":18}},"154":{"start":{"line":155,"column":0},"end":{"line":155,"column":36}},"155":{"start":{"line":156,"column":0},"end":{"line":156,"column":58}},"157":{"start":{"line":158,"column":0},"end":{"line":158,"column":56}},"158":{"start":{"line":159,"column":0},"end":{"line":159,"column":30}},"159":{"start":{"line":160,"column":0},"end":{"line":160,"column":69}},"160":{"start":{"line":161,"column":0},"end":{"line":161,"column":19}},"161":{"start":{"line":162,"column":0},"end":{"line":162,"column":9}},"162":{"start":{"line":163,"column":0},"end":{"line":163,"column":19}},"163":{"start":{"line":164,"column":0},"end":{"line":164,"column":31}},"164":{"start":{"line":165,"column":0},"end":{"line":165,"column":16}},"165":{"start":{"line":166,"column":0},"end":{"line":166,"column":34}},"166":{"start":{"line":167,"column":0},"end":{"line":167,"column":9}},"167":{"start":{"line":168,"column":0},"end":{"line":168,"column":21}},"168":{"start":{"line":169,"column":0},"end":{"line":169,"column":35}},"169":{"start":{"line":170,"column":0},"end":{"line":170,"column":6}},"176":{"start":{"line":177,"column":0},"end":{"line":177,"column":42}},"177":{"start":{"line":178,"column":0},"end":{"line":178,"column":30}},"178":{"start":{"line":179,"column":0},"end":{"line":179,"column":53}},"179":{"start":{"line":180,"column":0},"end":{"line":180,"column":19}},"180":{"start":{"line":181,"column":0},"end":{"line":181,"column":9}},"181":{"start":{"line":182,"column":0},"end":{"line":182,"column":28}},"182":{"start":{"line":183,"column":0},"end":{"line":183,"column":35}},"183":{"start":{"line":184,"column":0},"end":{"line":184,"column":6}},"185":{"start":{"line":186,"column":0},"end":{"line":186,"column":17}},"186":{"start":{"line":187,"column":0},"end":{"line":187,"column":52}},"187":{"start":{"line":188,"column":0},"end":{"line":188,"column":54}},"188":{"start":{"line":189,"column":0},"end":{"line":189,"column":49}},"189":{"start":{"line":190,"column":0},"end":{"line":190,"column":61}},"190":{"start":{"line":191,"column":0},"end":{"line":191,"column":25}},"193":{"start":{"line":194,"column":0},"end":{"line":194,"column":42}},"195":{"start":{"line":196,"column":0},"end":{"line":196,"column":39}},"196":{"start":{"line":197,"column":0},"end":{"line":197,"column":35}},"197":{"start":{"line":198,"column":0},"end":{"line":198,"column":44}},"198":{"start":{"line":199,"column":0},"end":{"line":199,"column":35}},"199":{"start":{"line":200,"column":0},"end":{"line":200,"column":28}},"200":{"start":{"line":201,"column":0},"end":{"line":201,"column":57}},"201":{"start":{"line":202,"column":0},"end":{"line":202,"column":37}},"202":{"start":{"line":203,"column":0},"end":{"line":203,"column":17}},"203":{"start":{"line":204,"column":0},"end":{"line":204,"column":13}},"204":{"start":{"line":205,"column":0},"end":{"line":205,"column":10}},"205":{"start":{"line":206,"column":0},"end":{"line":206,"column":22}},"206":{"start":{"line":207,"column":0},"end":{"line":207,"column":19}},"207":{"start":{"line":208,"column":0},"end":{"line":208,"column":6}},"209":{"start":{"line":210,"column":0},"end":{"line":210,"column":59}},"210":{"start":{"line":211,"column":0},"end":{"line":211,"column":22}},"211":{"start":{"line":212,"column":0},"end":{"line":212,"column":24}},"212":{"start":{"line":213,"column":0},"end":{"line":213,"column":9}},"213":{"start":{"line":214,"column":0},"end":{"line":214,"column":31}},"214":{"start":{"line":215,"column":0},"end":{"line":215,"column":66}},"215":{"start":{"line":216,"column":0},"end":{"line":216,"column":53}},"216":{"start":{"line":217,"column":0},"end":{"line":217,"column":74}},"217":{"start":{"line":218,"column":0},"end":{"line":218,"column":13}},"218":{"start":{"line":219,"column":0},"end":{"line":219,"column":9}},"219":{"start":{"line":220,"column":0},"end":{"line":220,"column":20}},"220":{"start":{"line":221,"column":0},"end":{"line":221,"column":6}},"222":{"start":{"line":223,"column":0},"end":{"line":223,"column":62}},"223":{"start":{"line":224,"column":0},"end":{"line":224,"column":19}},"224":{"start":{"line":225,"column":0},"end":{"line":225,"column":36}},"225":{"start":{"line":226,"column":0},"end":{"line":226,"column":9}},"226":{"start":{"line":227,"column":0},"end":{"line":227,"column":6}},"228":{"start":{"line":229,"column":0},"end":{"line":229,"column":45}},"229":{"start":{"line":230,"column":0},"end":{"line":230,"column":74}},"230":{"start":{"line":231,"column":0},"end":{"line":231,"column":68}},"231":{"start":{"line":232,"column":0},"end":{"line":232,"column":20}},"232":{"start":{"line":233,"column":0},"end":{"line":233,"column":19}},"233":{"start":{"line":234,"column":0},"end":{"line":234,"column":9}},"234":{"start":{"line":235,"column":0},"end":{"line":235,"column":66}},"235":{"start":{"line":236,"column":0},"end":{"line":236,"column":32}},"236":{"start":{"line":237,"column":0},"end":{"line":237,"column":31}},"237":{"start":{"line":238,"column":0},"end":{"line":238,"column":30}},"238":{"start":{"line":239,"column":0},"end":{"line":239,"column":44}},"239":{"start":{"line":240,"column":0},"end":{"line":240,"column":31}},"240":{"start":{"line":241,"column":0},"end":{"line":241,"column":43}},"241":{"start":{"line":242,"column":0},"end":{"line":242,"column":39}},"242":{"start":{"line":243,"column":0},"end":{"line":243,"column":30}},"243":{"start":{"line":244,"column":0},"end":{"line":244,"column":35}},"244":{"start":{"line":245,"column":0},"end":{"line":245,"column":13}},"245":{"start":{"line":246,"column":0},"end":{"line":246,"column":43}},"246":{"start":{"line":247,"column":0},"end":{"line":247,"column":31}},"247":{"start":{"line":248,"column":0},"end":{"line":248,"column":42}},"248":{"start":{"line":249,"column":0},"end":{"line":249,"column":40}},"249":{"start":{"line":250,"column":0},"end":{"line":250,"column":20}},"250":{"start":{"line":251,"column":0},"end":{"line":251,"column":45}},"251":{"start":{"line":252,"column":0},"end":{"line":252,"column":13}},"252":{"start":{"line":253,"column":0},"end":{"line":253,"column":66}},"253":{"start":{"line":254,"column":0},"end":{"line":254,"column":31}},"254":{"start":{"line":255,"column":0},"end":{"line":255,"column":35}},"255":{"start":{"line":256,"column":0},"end":{"line":256,"column":70}},"256":{"start":{"line":257,"column":0},"end":{"line":257,"column":25}},"257":{"start":{"line":258,"column":0},"end":{"line":258,"column":70}},"258":{"start":{"line":259,"column":0},"end":{"line":259,"column":13}},"259":{"start":{"line":260,"column":0},"end":{"line":260,"column":9}},"260":{"start":{"line":261,"column":0},"end":{"line":261,"column":6}},"270":{"start":{"line":271,"column":0},"end":{"line":271,"column":24}},"276":{"start":{"line":277,"column":0},"end":{"line":277,"column":20}},"277":{"start":{"line":278,"column":0},"end":{"line":278,"column":90}},"280":{"start":{"line":281,"column":0},"end":{"line":281,"column":69}},"281":{"start":{"line":282,"column":0},"end":{"line":282,"column":88}},"284":{"start":{"line":285,"column":0},"end":{"line":285,"column":112}},"285":{"start":{"line":286,"column":0},"end":{"line":286,"column":65}},"286":{"start":{"line":287,"column":0},"end":{"line":287,"column":25}},"287":{"start":{"line":288,"column":0},"end":{"line":288,"column":35}},"288":{"start":{"line":289,"column":0},"end":{"line":289,"column":9}},"289":{"start":{"line":290,"column":0},"end":{"line":290,"column":31}},"290":{"start":{"line":291,"column":0},"end":{"line":291,"column":37}},"291":{"start":{"line":292,"column":0},"end":{"line":292,"column":51}},"292":{"start":{"line":293,"column":0},"end":{"line":293,"column":26}},"293":{"start":{"line":294,"column":0},"end":{"line":294,"column":31}},"294":{"start":{"line":295,"column":0},"end":{"line":295,"column":17}},"295":{"start":{"line":296,"column":0},"end":{"line":296,"column":13}},"296":{"start":{"line":297,"column":0},"end":{"line":297,"column":9}},"297":{"start":{"line":298,"column":0},"end":{"line":298,"column":20}},"298":{"start":{"line":299,"column":0},"end":{"line":299,"column":6}},"301":{"start":{"line":302,"column":0},"end":{"line":302,"column":77}},"302":{"start":{"line":303,"column":0},"end":{"line":303,"column":39}},"303":{"start":{"line":304,"column":0},"end":{"line":304,"column":25}},"304":{"start":{"line":305,"column":0},"end":{"line":305,"column":9}},"305":{"start":{"line":306,"column":0},"end":{"line":306,"column":31}},"306":{"start":{"line":307,"column":0},"end":{"line":307,"column":51}},"307":{"start":{"line":308,"column":0},"end":{"line":308,"column":6}},"309":{"start":{"line":310,"column":0},"end":{"line":310,"column":81}},"310":{"start":{"line":311,"column":0},"end":{"line":311,"column":32}},"311":{"start":{"line":312,"column":0},"end":{"line":312,"column":35}},"312":{"start":{"line":313,"column":0},"end":{"line":313,"column":28}},"313":{"start":{"line":314,"column":0},"end":{"line":314,"column":19}},"314":{"start":{"line":315,"column":0},"end":{"line":315,"column":9}},"315":{"start":{"line":316,"column":0},"end":{"line":316,"column":88}},"316":{"start":{"line":317,"column":0},"end":{"line":317,"column":47}},"317":{"start":{"line":318,"column":0},"end":{"line":318,"column":26}},"318":{"start":{"line":319,"column":0},"end":{"line":319,"column":31}},"319":{"start":{"line":320,"column":0},"end":{"line":320,"column":43}},"320":{"start":{"line":321,"column":0},"end":{"line":321,"column":47}},"321":{"start":{"line":322,"column":0},"end":{"line":322,"column":33}},"322":{"start":{"line":323,"column":0},"end":{"line":323,"column":47}},"323":{"start":{"line":324,"column":0},"end":{"line":324,"column":45}},"324":{"start":{"line":325,"column":0},"end":{"line":325,"column":42}},"325":{"start":{"line":326,"column":0},"end":{"line":326,"column":29}},"326":{"start":{"line":327,"column":0},"end":{"line":327,"column":13}},"327":{"start":{"line":328,"column":0},"end":{"line":328,"column":16}},"328":{"start":{"line":329,"column":0},"end":{"line":329,"column":40}},"329":{"start":{"line":330,"column":0},"end":{"line":330,"column":22}},"330":{"start":{"line":331,"column":0},"end":{"line":331,"column":79}},"331":{"start":{"line":332,"column":0},"end":{"line":332,"column":23}},"332":{"start":{"line":333,"column":0},"end":{"line":333,"column":13}},"333":{"start":{"line":334,"column":0},"end":{"line":334,"column":62}},"334":{"start":{"line":335,"column":0},"end":{"line":335,"column":42}},"335":{"start":{"line":336,"column":0},"end":{"line":336,"column":41}},"336":{"start":{"line":337,"column":0},"end":{"line":337,"column":39}},"337":{"start":{"line":338,"column":0},"end":{"line":338,"column":9}},"338":{"start":{"line":339,"column":0},"end":{"line":339,"column":27}},"339":{"start":{"line":340,"column":0},"end":{"line":340,"column":47}},"340":{"start":{"line":341,"column":0},"end":{"line":341,"column":6}},"346":{"start":{"line":347,"column":0},"end":{"line":347,"column":100}},"347":{"start":{"line":348,"column":0},"end":{"line":348,"column":22}},"348":{"start":{"line":349,"column":0},"end":{"line":349,"column":24}},"349":{"start":{"line":350,"column":0},"end":{"line":350,"column":9}},"350":{"start":{"line":351,"column":0},"end":{"line":351,"column":74}},"351":{"start":{"line":352,"column":0},"end":{"line":352,"column":52}},"352":{"start":{"line":353,"column":0},"end":{"line":353,"column":58}},"353":{"start":{"line":354,"column":0},"end":{"line":354,"column":55}},"354":{"start":{"line":355,"column":0},"end":{"line":355,"column":13}},"355":{"start":{"line":356,"column":0},"end":{"line":356,"column":76}},"356":{"start":{"line":357,"column":0},"end":{"line":357,"column":57}},"357":{"start":{"line":358,"column":0},"end":{"line":358,"column":56}},"358":{"start":{"line":359,"column":0},"end":{"line":359,"column":65}},"359":{"start":{"line":360,"column":0},"end":{"line":360,"column":13}},"360":{"start":{"line":361,"column":0},"end":{"line":361,"column":32}},"365":{"start":{"line":366,"column":0},"end":{"line":366,"column":61}},"366":{"start":{"line":367,"column":0},"end":{"line":367,"column":89}},"367":{"start":{"line":368,"column":0},"end":{"line":368,"column":58}},"368":{"start":{"line":369,"column":0},"end":{"line":369,"column":40}},"369":{"start":{"line":370,"column":0},"end":{"line":370,"column":9}},"370":{"start":{"line":371,"column":0},"end":{"line":371,"column":20}},"371":{"start":{"line":372,"column":0},"end":{"line":372,"column":6}},"376":{"start":{"line":377,"column":0},"end":{"line":377,"column":51}},"377":{"start":{"line":378,"column":0},"end":{"line":378,"column":30}},"378":{"start":{"line":379,"column":0},"end":{"line":379,"column":40}},"381":{"start":{"line":382,"column":0},"end":{"line":382,"column":72}},"382":{"start":{"line":383,"column":0},"end":{"line":383,"column":50}},"383":{"start":{"line":384,"column":0},"end":{"line":384,"column":42}},"384":{"start":{"line":385,"column":0},"end":{"line":385,"column":106}},"385":{"start":{"line":386,"column":0},"end":{"line":386,"column":25}},"386":{"start":{"line":387,"column":0},"end":{"line":387,"column":13}},"387":{"start":{"line":388,"column":0},"end":{"line":388,"column":9}},"388":{"start":{"line":389,"column":0},"end":{"line":389,"column":20}},"389":{"start":{"line":390,"column":0},"end":{"line":390,"column":6}},"391":{"start":{"line":392,"column":0},"end":{"line":392,"column":56}},"392":{"start":{"line":393,"column":0},"end":{"line":393,"column":49}},"393":{"start":{"line":394,"column":0},"end":{"line":394,"column":55}},"394":{"start":{"line":395,"column":0},"end":{"line":395,"column":9}},"395":{"start":{"line":396,"column":0},"end":{"line":396,"column":27}},"396":{"start":{"line":397,"column":0},"end":{"line":397,"column":30}},"397":{"start":{"line":398,"column":0},"end":{"line":398,"column":33}},"398":{"start":{"line":399,"column":0},"end":{"line":399,"column":33}},"399":{"start":{"line":400,"column":0},"end":{"line":400,"column":26}},"405":{"start":{"line":406,"column":0},"end":{"line":406,"column":44}},"406":{"start":{"line":407,"column":0},"end":{"line":407,"column":25}},"407":{"start":{"line":408,"column":0},"end":{"line":408,"column":26}},"408":{"start":{"line":409,"column":0},"end":{"line":409,"column":32}},"409":{"start":{"line":410,"column":0},"end":{"line":410,"column":56}},"410":{"start":{"line":411,"column":0},"end":{"line":411,"column":28}},"411":{"start":{"line":412,"column":0},"end":{"line":412,"column":73}},"412":{"start":{"line":413,"column":0},"end":{"line":413,"column":51}},"413":{"start":{"line":414,"column":0},"end":{"line":414,"column":91}},"414":{"start":{"line":415,"column":0},"end":{"line":415,"column":43}},"415":{"start":{"line":416,"column":0},"end":{"line":416,"column":57}},"416":{"start":{"line":417,"column":0},"end":{"line":417,"column":42}},"417":{"start":{"line":418,"column":0},"end":{"line":418,"column":65}},"418":{"start":{"line":419,"column":0},"end":{"line":419,"column":24}},"419":{"start":{"line":420,"column":0},"end":{"line":420,"column":20}},"420":{"start":{"line":421,"column":0},"end":{"line":421,"column":31}},"421":{"start":{"line":422,"column":0},"end":{"line":422,"column":44}},"422":{"start":{"line":423,"column":0},"end":{"line":423,"column":24}},"423":{"start":{"line":424,"column":0},"end":{"line":424,"column":42}},"424":{"start":{"line":425,"column":0},"end":{"line":425,"column":17}},"425":{"start":{"line":426,"column":0},"end":{"line":426,"column":92}},"426":{"start":{"line":427,"column":0},"end":{"line":427,"column":27}},"427":{"start":{"line":428,"column":0},"end":{"line":428,"column":40}},"428":{"start":{"line":429,"column":0},"end":{"line":429,"column":17}},"429":{"start":{"line":430,"column":0},"end":{"line":430,"column":13}},"430":{"start":{"line":431,"column":0},"end":{"line":431,"column":10}},"432":{"start":{"line":433,"column":0},"end":{"line":433,"column":45}},"433":{"start":{"line":434,"column":0},"end":{"line":434,"column":22}},"434":{"start":{"line":435,"column":0},"end":{"line":435,"column":20}},"435":{"start":{"line":436,"column":0},"end":{"line":436,"column":21}},"436":{"start":{"line":437,"column":0},"end":{"line":437,"column":34}},"437":{"start":{"line":438,"column":0},"end":{"line":438,"column":28}},"438":{"start":{"line":439,"column":0},"end":{"line":439,"column":48}},"439":{"start":{"line":440,"column":0},"end":{"line":440,"column":30}},"440":{"start":{"line":441,"column":0},"end":{"line":441,"column":13}},"441":{"start":{"line":442,"column":0},"end":{"line":442,"column":44}},"442":{"start":{"line":443,"column":0},"end":{"line":443,"column":48}},"443":{"start":{"line":444,"column":0},"end":{"line":444,"column":41}},"444":{"start":{"line":445,"column":0},"end":{"line":445,"column":24}},"445":{"start":{"line":446,"column":0},"end":{"line":446,"column":86}},"446":{"start":{"line":447,"column":0},"end":{"line":447,"column":13}},"447":{"start":{"line":448,"column":0},"end":{"line":448,"column":25}},"449":{"start":{"line":450,"column":0},"end":{"line":450,"column":34}},"450":{"start":{"line":451,"column":0},"end":{"line":451,"column":36}},"451":{"start":{"line":452,"column":0},"end":{"line":452,"column":48}},"452":{"start":{"line":453,"column":0},"end":{"line":453,"column":61}},"453":{"start":{"line":454,"column":0},"end":{"line":454,"column":17}},"454":{"start":{"line":455,"column":0},"end":{"line":455,"column":15}},"455":{"start":{"line":456,"column":0},"end":{"line":456,"column":10}},"456":{"start":{"line":457,"column":0},"end":{"line":457,"column":75}},"457":{"start":{"line":458,"column":0},"end":{"line":458,"column":107}},"458":{"start":{"line":459,"column":0},"end":{"line":459,"column":23}},"459":{"start":{"line":460,"column":0},"end":{"line":460,"column":13}},"460":{"start":{"line":461,"column":0},"end":{"line":461,"column":25}},"464":{"start":{"line":465,"column":0},"end":{"line":465,"column":56}},"465":{"start":{"line":466,"column":0},"end":{"line":466,"column":56}},"466":{"start":{"line":467,"column":0},"end":{"line":467,"column":27}},"467":{"start":{"line":468,"column":0},"end":{"line":468,"column":13}},"468":{"start":{"line":469,"column":0},"end":{"line":469,"column":25}},"469":{"start":{"line":470,"column":0},"end":{"line":470,"column":68}},"470":{"start":{"line":471,"column":0},"end":{"line":471,"column":34}},"471":{"start":{"line":472,"column":0},"end":{"line":472,"column":25}},"472":{"start":{"line":473,"column":0},"end":{"line":473,"column":30}},"473":{"start":{"line":474,"column":0},"end":{"line":474,"column":32}},"474":{"start":{"line":475,"column":0},"end":{"line":475,"column":34}},"475":{"start":{"line":476,"column":0},"end":{"line":476,"column":34}},"476":{"start":{"line":477,"column":0},"end":{"line":477,"column":38}},"477":{"start":{"line":478,"column":0},"end":{"line":478,"column":36}},"478":{"start":{"line":479,"column":0},"end":{"line":479,"column":18}},"479":{"start":{"line":480,"column":0},"end":{"line":480,"column":62}},"480":{"start":{"line":481,"column":0},"end":{"line":481,"column":27}},"481":{"start":{"line":482,"column":0},"end":{"line":482,"column":40}},"482":{"start":{"line":483,"column":0},"end":{"line":483,"column":24}},"487":{"start":{"line":488,"column":0},"end":{"line":488,"column":62}},"488":{"start":{"line":489,"column":0},"end":{"line":489,"column":41}},"489":{"start":{"line":490,"column":0},"end":{"line":490,"column":80}},"490":{"start":{"line":491,"column":0},"end":{"line":491,"column":78}},"491":{"start":{"line":492,"column":0},"end":{"line":492,"column":34}},"492":{"start":{"line":493,"column":0},"end":{"line":493,"column":44}},"493":{"start":{"line":494,"column":0},"end":{"line":494,"column":21}},"494":{"start":{"line":495,"column":0},"end":{"line":495,"column":17}},"495":{"start":{"line":496,"column":0},"end":{"line":496,"column":15}},"496":{"start":{"line":497,"column":0},"end":{"line":497,"column":11}},"497":{"start":{"line":498,"column":0},"end":{"line":498,"column":70}},"498":{"start":{"line":499,"column":0},"end":{"line":499,"column":75}},"499":{"start":{"line":500,"column":0},"end":{"line":500,"column":38}},"500":{"start":{"line":501,"column":0},"end":{"line":501,"column":30}},"501":{"start":{"line":502,"column":0},"end":{"line":502,"column":13}},"502":{"start":{"line":503,"column":0},"end":{"line":503,"column":11}},"503":{"start":{"line":504,"column":0},"end":{"line":504,"column":45}},"504":{"start":{"line":505,"column":0},"end":{"line":505,"column":6}},"506":{"start":{"line":507,"column":0},"end":{"line":507,"column":42}},"507":{"start":{"line":508,"column":0},"end":{"line":508,"column":28}},"508":{"start":{"line":509,"column":0},"end":{"line":509,"column":34}},"509":{"start":{"line":510,"column":0},"end":{"line":510,"column":19}},"510":{"start":{"line":511,"column":0},"end":{"line":511,"column":9}},"511":{"start":{"line":512,"column":0},"end":{"line":512,"column":21}},"512":{"start":{"line":513,"column":0},"end":{"line":513,"column":6}},"515":{"start":{"line":516,"column":0},"end":{"line":516,"column":48}},"516":{"start":{"line":517,"column":0},"end":{"line":517,"column":73}},"521":{"start":{"line":522,"column":0},"end":{"line":522,"column":49}},"522":{"start":{"line":523,"column":0},"end":{"line":523,"column":33}},"523":{"start":{"line":524,"column":0},"end":{"line":524,"column":62}},"524":{"start":{"line":525,"column":0},"end":{"line":525,"column":45}},"525":{"start":{"line":526,"column":0},"end":{"line":526,"column":9}},"526":{"start":{"line":527,"column":0},"end":{"line":527,"column":31}},"527":{"start":{"line":528,"column":0},"end":{"line":528,"column":44}},"528":{"start":{"line":529,"column":0},"end":{"line":529,"column":50}},"529":{"start":{"line":530,"column":0},"end":{"line":530,"column":9}},"530":{"start":{"line":531,"column":0},"end":{"line":531,"column":29}},"531":{"start":{"line":532,"column":0},"end":{"line":532,"column":6}},"540":{"start":{"line":541,"column":0},"end":{"line":541,"column":48}},"541":{"start":{"line":542,"column":0},"end":{"line":542,"column":66}},"542":{"start":{"line":543,"column":0},"end":{"line":543,"column":104}},"543":{"start":{"line":544,"column":0},"end":{"line":544,"column":40}},"544":{"start":{"line":545,"column":0},"end":{"line":545,"column":88}},"545":{"start":{"line":546,"column":0},"end":{"line":546,"column":93}},"546":{"start":{"line":547,"column":0},"end":{"line":547,"column":64}},"548":{"start":{"line":549,"column":0},"end":{"line":549,"column":68}},"549":{"start":{"line":550,"column":0},"end":{"line":550,"column":53}},"551":{"start":{"line":552,"column":0},"end":{"line":552,"column":51}},"552":{"start":{"line":553,"column":0},"end":{"line":553,"column":35}},"553":{"start":{"line":554,"column":0},"end":{"line":554,"column":77}},"554":{"start":{"line":555,"column":0},"end":{"line":555,"column":63}},"555":{"start":{"line":556,"column":0},"end":{"line":556,"column":25}},"556":{"start":{"line":557,"column":0},"end":{"line":557,"column":31}},"557":{"start":{"line":558,"column":0},"end":{"line":558,"column":102}},"559":{"start":{"line":560,"column":0},"end":{"line":560,"column":115}},"561":{"start":{"line":562,"column":0},"end":{"line":562,"column":6}},"563":{"start":{"line":564,"column":0},"end":{"line":564,"column":40}},"564":{"start":{"line":565,"column":0},"end":{"line":565,"column":51}},"565":{"start":{"line":566,"column":0},"end":{"line":566,"column":33}},"566":{"start":{"line":567,"column":0},"end":{"line":567,"column":94}},"567":{"start":{"line":568,"column":0},"end":{"line":568,"column":17}},"570":{"start":{"line":571,"column":0},"end":{"line":571,"column":33}},"571":{"start":{"line":572,"column":0},"end":{"line":572,"column":20}},"572":{"start":{"line":573,"column":0},"end":{"line":573,"column":57}},"573":{"start":{"line":574,"column":0},"end":{"line":574,"column":85}},"574":{"start":{"line":575,"column":0},"end":{"line":575,"column":102}},"576":{"start":{"line":577,"column":0},"end":{"line":577,"column":21}},"577":{"start":{"line":578,"column":0},"end":{"line":578,"column":10}},"579":{"start":{"line":580,"column":0},"end":{"line":580,"column":3}},"581":{"start":{"line":582,"column":0},"end":{"line":582,"column":24}}},"s":{"0":1,"57":1,"81":1,"82":1,"83":1,"84":1,"85":1,"86":1,"87":1,"88":1,"89":1,"90":38,"92":38,"95":38,"96":112,"97":186,"98":46,"99":46,"100":186,"101":65,"102":65,"103":29,"104":29,"105":65,"106":186,"107":37,"108":112,"111":38,"112":81,"113":120,"114":34,"115":34,"116":120,"117":47,"118":47,"119":26,"120":26,"121":47,"122":120,"123":21,"124":81,"126":38,"127":14,"128":23,"129":5,"130":5,"131":23,"132":9,"133":9,"134":4,"135":4,"136":9,"137":23,"138":5,"139":14,"142":38,"143":38,"144":118,"145":210,"146":30,"147":30,"148":210,"149":80,"150":80,"151":210,"152":118,"153":38,"154":38,"155":38,"157":38,"158":12,"159":12,"160":2,"161":2,"162":12,"163":5,"164":5,"165":5,"166":5,"167":10,"168":12,"169":12,"176":38,"177":12,"178":12,"179":2,"180":2,"181":10,"182":12,"183":12,"185":38,"186":3,"187":3,"188":3,"189":3,"190":3,"193":38,"195":38,"196":12,"197":12,"198":36,"199":68,"200":68,"201":24,"202":24,"203":68,"204":36,"205":12,"206":12,"207":12,"209":38,"210":13,"211":0,"212":0,"213":13,"214":13,"215":58,"216":13,"217":13,"218":58,"219":0,"220":13,"222":38,"223":14,"224":13,"225":13,"226":14,"228":38,"229":19,"230":19,"231":19,"232":0,"233":0,"234":19,"235":19,"236":2,"237":2,"238":19,"239":2,"240":2,"241":1,"242":1,"243":1,"244":1,"245":17,"246":3,"247":3,"248":2,"249":3,"250":1,"251":1,"252":15,"253":12,"254":12,"255":12,"256":12,"257":12,"258":12,"259":12,"260":19,"270":38,"276":38,"277":38,"280":38,"281":18,"284":38,"285":17,"286":17,"287":10,"288":10,"289":7,"290":7,"291":7,"292":7,"293":7,"294":7,"295":7,"296":7,"297":0,"298":17,"301":38,"302":15,"303":0,"304":0,"305":15,"306":15,"307":15,"309":38,"310":6,"311":6,"312":6,"313":0,"314":0,"315":6,"316":6,"317":6,"318":6,"319":2,"320":2,"321":2,"322":2,"323":2,"324":2,"325":2,"326":2,"327":6,"328":4,"329":4,"330":0,"331":0,"332":0,"333":4,"334":4,"335":4,"336":4,"337":4,"338":6,"339":6,"340":6,"346":38,"347":22,"348":0,"349":0,"350":22,"351":102,"352":102,"353":87,"354":87,"355":102,"356":102,"357":102,"358":1,"359":1,"360":14,"365":14,"366":3,"367":11,"368":102,"369":102,"370":8,"371":22,"376":38,"377":38,"378":38,"381":38,"382":11,"383":44,"384":44,"385":0,"386":0,"387":44,"388":11,"389":11,"391":38,"392":12,"393":1,"394":1,"395":12,"396":12,"397":12,"398":12,"399":12,"405":12,"406":12,"407":12,"408":12,"409":10,"410":10,"411":10,"412":10,"413":10,"414":10,"415":10,"416":0,"417":0,"418":0,"419":10,"420":10,"421":0,"422":10,"423":10,"424":10,"425":10,"426":10,"427":6,"428":6,"429":10,"430":10,"432":12,"433":11,"434":11,"435":11,"436":11,"437":11,"438":10,"439":10,"440":10,"441":11,"442":11,"443":11,"444":11,"445":10,"446":10,"447":11,"449":11,"450":11,"451":11,"452":6,"453":6,"454":11,"455":11,"456":12,"457":12,"458":0,"459":0,"460":12,"464":10,"465":10,"466":10,"467":10,"468":12,"469":12,"470":12,"471":12,"472":12,"473":12,"474":12,"475":12,"476":12,"477":12,"478":12,"479":12,"480":12,"481":8,"482":12,"487":4,"488":4,"489":4,"490":4,"491":4,"492":3,"493":3,"494":4,"495":12,"496":12,"497":12,"498":12,"499":1,"500":1,"501":1,"502":12,"503":12,"504":12,"506":38,"507":9,"508":1,"509":1,"510":1,"511":8,"512":9,"515":38,"516":365,"521":38,"522":491,"523":491,"524":12,"525":12,"526":491,"527":491,"528":15,"529":15,"530":491,"531":491,"540":38,"541":285,"542":285,"543":285,"544":285,"545":285,"546":285,"548":285,"549":285,"551":285,"552":4,"553":4,"554":4,"555":4,"556":285,"557":285,"559":285,"561":285,"563":38,"564":38,"565":38,"566":38,"567":38,"570":60,"571":60,"572":12,"573":12,"574":12,"576":48,"577":38,"579":38,"581":1},"branchMap":{"0":{"type":"branch","line":90,"loc":{"start":{"line":90,"column":3},"end":{"line":580,"column":3}},"locations":[{"start":{"line":90,"column":3},"end":{"line":580,"column":3}}]},"1":{"type":"branch","line":186,"loc":{"start":{"line":186,"column":10},"end":{"line":191,"column":25}},"locations":[{"start":{"line":186,"column":10},"end":{"line":191,"column":25}}]},"2":{"type":"branch","line":93,"loc":{"start":{"line":93,"column":18},"end":{"line":93,"column":75}},"locations":[{"start":{"line":93,"column":18},"end":{"line":93,"column":75}}]},"3":{"type":"branch","line":93,"loc":{"start":{"line":93,"column":48},"end":{"line":93,"column":75}},"locations":[{"start":{"line":93,"column":48},"end":{"line":93,"column":75}}]},"4":{"type":"branch","line":96,"loc":{"start":{"line":96,"column":17},"end":{"line":109,"column":6}},"locations":[{"start":{"line":96,"column":17},"end":{"line":109,"column":6}}]},"5":{"type":"branch","line":97,"loc":{"start":{"line":97,"column":30},"end":{"line":107,"column":9}},"locations":[{"start":{"line":97,"column":30},"end":{"line":107,"column":9}}]},"6":{"type":"branch","line":98,"loc":{"start":{"line":98,"column":37},"end":{"line":100,"column":13}},"locations":[{"start":{"line":98,"column":37},"end":{"line":100,"column":13}}]},"7":{"type":"branch","line":100,"loc":{"start":{"line":100,"column":12},"end":{"line":101,"column":28}},"locations":[{"start":{"line":100,"column":12},"end":{"line":101,"column":28}}]},"8":{"type":"branch","line":101,"loc":{"start":{"line":101,"column":18},"end":{"line":101,"column":36}},"locations":[{"start":{"line":101,"column":18},"end":{"line":101,"column":36}}]},"9":{"type":"branch","line":101,"loc":{"start":{"line":101,"column":36},"end":{"line":106,"column":13}},"locations":[{"start":{"line":101,"column":36},"end":{"line":106,"column":13}}]},"10":{"type":"branch","line":103,"loc":{"start":{"line":103,"column":25},"end":{"line":105,"column":17}},"locations":[{"start":{"line":103,"column":25},"end":{"line":105,"column":17}}]},"11":{"type":"branch","line":107,"loc":{"start":{"line":107,"column":8},"end":{"line":108,"column":20}},"locations":[{"start":{"line":107,"column":8},"end":{"line":108,"column":20}}]},"12":{"type":"branch","line":112,"loc":{"start":{"line":112,"column":18},"end":{"line":125,"column":6}},"locations":[{"start":{"line":112,"column":18},"end":{"line":125,"column":6}}]},"13":{"type":"branch","line":113,"loc":{"start":{"line":113,"column":30},"end":{"line":123,"column":9}},"locations":[{"start":{"line":113,"column":30},"end":{"line":123,"column":9}}]},"14":{"type":"branch","line":114,"loc":{"start":{"line":114,"column":38},"end":{"line":116,"column":13}},"locations":[{"start":{"line":114,"column":38},"end":{"line":116,"column":13}}]},"15":{"type":"branch","line":116,"loc":{"start":{"line":116,"column":12},"end":{"line":117,"column":28}},"locations":[{"start":{"line":116,"column":12},"end":{"line":117,"column":28}}]},"16":{"type":"branch","line":117,"loc":{"start":{"line":117,"column":18},"end":{"line":117,"column":36}},"locations":[{"start":{"line":117,"column":18},"end":{"line":117,"column":36}}]},"17":{"type":"branch","line":117,"loc":{"start":{"line":117,"column":36},"end":{"line":122,"column":13}},"locations":[{"start":{"line":117,"column":36},"end":{"line":122,"column":13}}]},"18":{"type":"branch","line":119,"loc":{"start":{"line":119,"column":25},"end":{"line":121,"column":17}},"locations":[{"start":{"line":119,"column":25},"end":{"line":121,"column":17}}]},"19":{"type":"branch","line":123,"loc":{"start":{"line":123,"column":8},"end":{"line":124,"column":20}},"locations":[{"start":{"line":123,"column":8},"end":{"line":124,"column":20}}]},"20":{"type":"branch","line":127,"loc":{"start":{"line":127,"column":21},"end":{"line":140,"column":6}},"locations":[{"start":{"line":127,"column":21},"end":{"line":140,"column":6}}]},"21":{"type":"branch","line":128,"loc":{"start":{"line":128,"column":30},"end":{"line":138,"column":9}},"locations":[{"start":{"line":128,"column":30},"end":{"line":138,"column":9}}]},"22":{"type":"branch","line":129,"loc":{"start":{"line":129,"column":37},"end":{"line":131,"column":13}},"locations":[{"start":{"line":129,"column":37},"end":{"line":131,"column":13}}]},"23":{"type":"branch","line":131,"loc":{"start":{"line":131,"column":12},"end":{"line":132,"column":28}},"locations":[{"start":{"line":131,"column":12},"end":{"line":132,"column":28}}]},"24":{"type":"branch","line":132,"loc":{"start":{"line":132,"column":18},"end":{"line":132,"column":36}},"locations":[{"start":{"line":132,"column":18},"end":{"line":132,"column":36}}]},"25":{"type":"branch","line":132,"loc":{"start":{"line":132,"column":36},"end":{"line":137,"column":13}},"locations":[{"start":{"line":132,"column":36},"end":{"line":137,"column":13}}]},"26":{"type":"branch","line":134,"loc":{"start":{"line":134,"column":34},"end":{"line":136,"column":17}},"locations":[{"start":{"line":134,"column":34},"end":{"line":136,"column":17}}]},"27":{"type":"branch","line":138,"loc":{"start":{"line":138,"column":8},"end":{"line":139,"column":20}},"locations":[{"start":{"line":138,"column":8},"end":{"line":139,"column":20}}]},"28":{"type":"branch","line":144,"loc":{"start":{"line":144,"column":17},"end":{"line":153,"column":6}},"locations":[{"start":{"line":144,"column":17},"end":{"line":153,"column":6}}]},"29":{"type":"branch","line":145,"loc":{"start":{"line":145,"column":30},"end":{"line":152,"column":9}},"locations":[{"start":{"line":145,"column":30},"end":{"line":152,"column":9}}]},"30":{"type":"branch","line":146,"loc":{"start":{"line":146,"column":24},"end":{"line":148,"column":13}},"locations":[{"start":{"line":146,"column":24},"end":{"line":148,"column":13}}]},"31":{"type":"branch","line":149,"loc":{"start":{"line":149,"column":18},"end":{"line":149,"column":36}},"locations":[{"start":{"line":149,"column":18},"end":{"line":149,"column":36}}]},"32":{"type":"branch","line":149,"loc":{"start":{"line":149,"column":36},"end":{"line":151,"column":13}},"locations":[{"start":{"line":149,"column":36},"end":{"line":151,"column":13}}]},"33":{"type":"branch","line":156,"loc":{"start":{"line":156,"column":19},"end":{"line":156,"column":58}},"locations":[{"start":{"line":156,"column":19},"end":{"line":156,"column":58}}]},"34":{"type":"branch","line":158,"loc":{"start":{"line":158,"column":20},"end":{"line":170,"column":6}},"locations":[{"start":{"line":158,"column":20},"end":{"line":170,"column":6}}]},"35":{"type":"branch","line":160,"loc":{"start":{"line":160,"column":27},"end":{"line":160,"column":47}},"locations":[{"start":{"line":160,"column":27},"end":{"line":160,"column":47}}]},"36":{"type":"branch","line":160,"loc":{"start":{"line":160,"column":37},"end":{"line":160,"column":68}},"locations":[{"start":{"line":160,"column":37},"end":{"line":160,"column":68}}]},"37":{"type":"branch","line":160,"loc":{"start":{"line":160,"column":68},"end":{"line":162,"column":9}},"locations":[{"start":{"line":160,"column":68},"end":{"line":162,"column":9}}]},"38":{"type":"branch","line":162,"loc":{"start":{"line":162,"column":8},"end":{"line":163,"column":18}},"locations":[{"start":{"line":162,"column":8},"end":{"line":163,"column":18}}]},"39":{"type":"branch","line":163,"loc":{"start":{"line":163,"column":18},"end":{"line":167,"column":9}},"locations":[{"start":{"line":163,"column":18},"end":{"line":167,"column":9}}]},"40":{"type":"branch","line":167,"loc":{"start":{"line":167,"column":8},"end":{"line":169,"column":25}},"locations":[{"start":{"line":167,"column":8},"end":{"line":169,"column":25}}]},"41":{"type":"branch","line":169,"loc":{"start":{"line":169,"column":14},"end":{"line":169,"column":35}},"locations":[{"start":{"line":169,"column":14},"end":{"line":169,"column":35}}]},"42":{"type":"branch","line":177,"loc":{"start":{"line":177,"column":21},"end":{"line":184,"column":6}},"locations":[{"start":{"line":177,"column":21},"end":{"line":184,"column":6}}]},"43":{"type":"branch","line":179,"loc":{"start":{"line":179,"column":13},"end":{"line":179,"column":52}},"locations":[{"start":{"line":179,"column":13},"end":{"line":179,"column":52}}]},"44":{"type":"branch","line":179,"loc":{"start":{"line":179,"column":52},"end":{"line":181,"column":9}},"locations":[{"start":{"line":179,"column":52},"end":{"line":181,"column":9}}]},"45":{"type":"branch","line":181,"loc":{"start":{"line":181,"column":8},"end":{"line":183,"column":25}},"locations":[{"start":{"line":181,"column":8},"end":{"line":183,"column":25}}]},"46":{"type":"branch","line":183,"loc":{"start":{"line":183,"column":14},"end":{"line":183,"column":35}},"locations":[{"start":{"line":183,"column":14},"end":{"line":183,"column":35}}]},"47":{"type":"branch","line":187,"loc":{"start":{"line":187,"column":14},"end":{"line":187,"column":52}},"locations":[{"start":{"line":187,"column":14},"end":{"line":187,"column":52}}]},"48":{"type":"branch","line":188,"loc":{"start":{"line":188,"column":15},"end":{"line":188,"column":54}},"locations":[{"start":{"line":188,"column":15},"end":{"line":188,"column":54}}]},"49":{"type":"branch","line":189,"loc":{"start":{"line":189,"column":16},"end":{"line":189,"column":49}},"locations":[{"start":{"line":189,"column":16},"end":{"line":189,"column":49}}]},"50":{"type":"branch","line":190,"loc":{"start":{"line":190,"column":16},"end":{"line":190,"column":61}},"locations":[{"start":{"line":190,"column":16},"end":{"line":190,"column":61}}]},"51":{"type":"branch","line":196,"loc":{"start":{"line":196,"column":20},"end":{"line":208,"column":6}},"locations":[{"start":{"line":196,"column":20},"end":{"line":208,"column":6}}]},"52":{"type":"branch","line":198,"loc":{"start":{"line":198,"column":21},"end":{"line":205,"column":10}},"locations":[{"start":{"line":198,"column":21},"end":{"line":205,"column":10}}]},"53":{"type":"branch","line":199,"loc":{"start":{"line":199,"column":34},"end":{"line":204,"column":13}},"locations":[{"start":{"line":199,"column":34},"end":{"line":204,"column":13}}]},"54":{"type":"branch","line":201,"loc":{"start":{"line":201,"column":22},"end":{"line":201,"column":42}},"locations":[{"start":{"line":201,"column":22},"end":{"line":201,"column":42}}]},"55":{"type":"branch","line":201,"loc":{"start":{"line":201,"column":32},"end":{"line":201,"column":56}},"locations":[{"start":{"line":201,"column":32},"end":{"line":201,"column":56}}]},"56":{"type":"branch","line":201,"loc":{"start":{"line":201,"column":56},"end":{"line":203,"column":17}},"locations":[{"start":{"line":201,"column":56},"end":{"line":203,"column":17}}]},"57":{"type":"branch","line":210,"loc":{"start":{"line":210,"column":18},"end":{"line":221,"column":6}},"locations":[{"start":{"line":210,"column":18},"end":{"line":221,"column":6}}]},"58":{"type":"branch","line":211,"loc":{"start":{"line":211,"column":21},"end":{"line":213,"column":9}},"locations":[{"start":{"line":211,"column":21},"end":{"line":213,"column":9}}]},"59":{"type":"branch","line":215,"loc":{"start":{"line":215,"column":65},"end":{"line":219,"column":9}},"locations":[{"start":{"line":215,"column":65},"end":{"line":219,"column":9}}]},"60":{"type":"branch","line":216,"loc":{"start":{"line":216,"column":52},"end":{"line":218,"column":13}},"locations":[{"start":{"line":216,"column":52},"end":{"line":218,"column":13}}]},"61":{"type":"branch","line":219,"loc":{"start":{"line":219,"column":8},"end":{"line":220,"column":20}},"locations":[{"start":{"line":219,"column":8},"end":{"line":220,"column":20}}]},"62":{"type":"branch","line":223,"loc":{"start":{"line":223,"column":22},"end":{"line":227,"column":6}},"locations":[{"start":{"line":223,"column":22},"end":{"line":227,"column":6}}]},"63":{"type":"branch","line":224,"loc":{"start":{"line":224,"column":18},"end":{"line":226,"column":9}},"locations":[{"start":{"line":224,"column":18},"end":{"line":226,"column":9}}]},"64":{"type":"branch","line":229,"loc":{"start":{"line":229,"column":22},"end":{"line":261,"column":6}},"locations":[{"start":{"line":229,"column":22},"end":{"line":261,"column":6}}]},"65":{"type":"branch","line":231,"loc":{"start":{"line":231,"column":59},"end":{"line":231,"column":68}},"locations":[{"start":{"line":231,"column":59},"end":{"line":231,"column":68}}]},"66":{"type":"branch","line":232,"loc":{"start":{"line":232,"column":19},"end":{"line":234,"column":9}},"locations":[{"start":{"line":232,"column":19},"end":{"line":234,"column":9}}]},"67":{"type":"branch","line":235,"loc":{"start":{"line":235,"column":26},"end":{"line":235,"column":45}},"locations":[{"start":{"line":235,"column":26},"end":{"line":235,"column":45}}]},"68":{"type":"branch","line":235,"loc":{"start":{"line":235,"column":36},"end":{"line":235,"column":61}},"locations":[{"start":{"line":235,"column":36},"end":{"line":235,"column":61}}]},"69":{"type":"branch","line":235,"loc":{"start":{"line":235,"column":50},"end":{"line":235,"column":66}},"locations":[{"start":{"line":235,"column":50},"end":{"line":235,"column":66}}]},"70":{"type":"branch","line":236,"loc":{"start":{"line":236,"column":31},"end":{"line":239,"column":19}},"locations":[{"start":{"line":236,"column":31},"end":{"line":239,"column":19}}]},"71":{"type":"branch","line":239,"loc":{"start":{"line":239,"column":8},"end":{"line":260,"column":9}},"locations":[{"start":{"line":239,"column":8},"end":{"line":260,"column":9}}]},"72":{"type":"branch","line":239,"loc":{"start":{"line":239,"column":43},"end":{"line":246,"column":19}},"locations":[{"start":{"line":239,"column":43},"end":{"line":246,"column":19}}]},"73":{"type":"branch","line":241,"loc":{"start":{"line":241,"column":42},"end":{"line":245,"column":13}},"locations":[{"start":{"line":241,"column":42},"end":{"line":245,"column":13}}]},"74":{"type":"branch","line":246,"loc":{"start":{"line":246,"column":8},"end":{"line":260,"column":9}},"locations":[{"start":{"line":246,"column":8},"end":{"line":260,"column":9}}]},"75":{"type":"branch","line":246,"loc":{"start":{"line":246,"column":42},"end":{"line":253,"column":19}},"locations":[{"start":{"line":246,"column":42},"end":{"line":253,"column":19}}]},"76":{"type":"branch","line":248,"loc":{"start":{"line":248,"column":16},"end":{"line":248,"column":41}},"locations":[{"start":{"line":248,"column":16},"end":{"line":248,"column":41}}]},"77":{"type":"branch","line":248,"loc":{"start":{"line":248,"column":41},"end":{"line":250,"column":19}},"locations":[{"start":{"line":248,"column":41},"end":{"line":250,"column":19}}]},"78":{"type":"branch","line":250,"loc":{"start":{"line":250,"column":12},"end":{"line":252,"column":13}},"locations":[{"start":{"line":250,"column":12},"end":{"line":252,"column":13}}]},"79":{"type":"branch","line":253,"loc":{"start":{"line":253,"column":8},"end":{"line":260,"column":9}},"locations":[{"start":{"line":253,"column":8},"end":{"line":260,"column":9}}]},"80":{"type":"branch","line":253,"loc":{"start":{"line":253,"column":29},"end":{"line":253,"column":65}},"locations":[{"start":{"line":253,"column":29},"end":{"line":253,"column":65}}]},"81":{"type":"branch","line":258,"loc":{"start":{"line":258,"column":46},"end":{"line":258,"column":64}},"locations":[{"start":{"line":258,"column":46},"end":{"line":258,"column":64}}]},"82":{"type":"branch","line":258,"loc":{"start":{"line":258,"column":60},"end":{"line":258,"column":67}},"locations":[{"start":{"line":258,"column":60},"end":{"line":258,"column":67}}]},"83":{"type":"branch","line":256,"loc":{"start":{"line":256,"column":37},"end":{"line":256,"column":68}},"locations":[{"start":{"line":256,"column":37},"end":{"line":256,"column":68}}]},"84":{"type":"branch","line":281,"loc":{"start":{"line":281,"column":21},"end":{"line":282,"column":88}},"locations":[{"start":{"line":281,"column":21},"end":{"line":282,"column":88}}]},"85":{"type":"branch","line":282,"loc":{"start":{"line":282,"column":33},"end":{"line":282,"column":88}},"locations":[{"start":{"line":282,"column":33},"end":{"line":282,"column":88}}]},"86":{"type":"branch","line":282,"loc":{"start":{"line":282,"column":49},"end":{"line":282,"column":64}},"locations":[{"start":{"line":282,"column":49},"end":{"line":282,"column":64}}]},"87":{"type":"branch","line":282,"loc":{"start":{"line":282,"column":64},"end":{"line":282,"column":86}},"locations":[{"start":{"line":282,"column":64},"end":{"line":282,"column":86}}]},"88":{"type":"branch","line":285,"loc":{"start":{"line":285,"column":19},"end":{"line":299,"column":6}},"locations":[{"start":{"line":285,"column":19},"end":{"line":299,"column":6}}]},"89":{"type":"branch","line":287,"loc":{"start":{"line":287,"column":24},"end":{"line":289,"column":9}},"locations":[{"start":{"line":287,"column":24},"end":{"line":289,"column":9}}]},"90":{"type":"branch","line":289,"loc":{"start":{"line":289,"column":8},"end":{"line":297,"column":9}},"locations":[{"start":{"line":289,"column":8},"end":{"line":297,"column":9}}]},"91":{"type":"branch","line":297,"loc":{"start":{"line":297,"column":8},"end":{"line":298,"column":20}},"locations":[{"start":{"line":297,"column":8},"end":{"line":298,"column":20}}]},"92":{"type":"branch","line":286,"loc":{"start":{"line":286,"column":37},"end":{"line":286,"column":63}},"locations":[{"start":{"line":286,"column":37},"end":{"line":286,"column":63}}]},"93":{"type":"branch","line":302,"loc":{"start":{"line":302,"column":24},"end":{"line":308,"column":6}},"locations":[{"start":{"line":302,"column":24},"end":{"line":308,"column":6}}]},"94":{"type":"branch","line":303,"loc":{"start":{"line":303,"column":38},"end":{"line":305,"column":9}},"locations":[{"start":{"line":303,"column":38},"end":{"line":305,"column":9}}]},"95":{"type":"branch","line":310,"loc":{"start":{"line":310,"column":21},"end":{"line":341,"column":6}},"locations":[{"start":{"line":310,"column":21},"end":{"line":341,"column":6}}]},"96":{"type":"branch","line":313,"loc":{"start":{"line":313,"column":27},"end":{"line":315,"column":9}},"locations":[{"start":{"line":313,"column":27},"end":{"line":315,"column":9}}]},"97":{"type":"branch","line":319,"loc":{"start":{"line":319,"column":30},"end":{"line":328,"column":15}},"locations":[{"start":{"line":319,"column":30},"end":{"line":328,"column":15}}]},"98":{"type":"branch","line":328,"loc":{"start":{"line":328,"column":8},"end":{"line":338,"column":9}},"locations":[{"start":{"line":328,"column":8},"end":{"line":338,"column":9}}]},"99":{"type":"branch","line":330,"loc":{"start":{"line":330,"column":21},"end":{"line":333,"column":13}},"locations":[{"start":{"line":330,"column":21},"end":{"line":333,"column":13}}]},"100":{"type":"branch","line":334,"loc":{"start":{"line":334,"column":28},"end":{"line":334,"column":53}},"locations":[{"start":{"line":334,"column":28},"end":{"line":334,"column":53}}]},"101":{"type":"branch","line":334,"loc":{"start":{"line":334,"column":49},"end":{"line":334,"column":62}},"locations":[{"start":{"line":334,"column":49},"end":{"line":334,"column":62}}]},"102":{"type":"branch","line":337,"loc":{"start":{"line":337,"column":23},"end":{"line":337,"column":34}},"locations":[{"start":{"line":337,"column":23},"end":{"line":337,"column":34}}]},"103":{"type":"branch","line":337,"loc":{"start":{"line":337,"column":29},"end":{"line":337,"column":39}},"locations":[{"start":{"line":337,"column":29},"end":{"line":337,"column":39}}]},"104":{"type":"branch","line":340,"loc":{"start":{"line":340,"column":14},"end":{"line":340,"column":47}},"locations":[{"start":{"line":340,"column":14},"end":{"line":340,"column":47}}]},"105":{"type":"branch","line":347,"loc":{"start":{"line":347,"column":24},"end":{"line":372,"column":6}},"locations":[{"start":{"line":347,"column":24},"end":{"line":372,"column":6}}]},"106":{"type":"branch","line":348,"loc":{"start":{"line":348,"column":21},"end":{"line":350,"column":9}},"locations":[{"start":{"line":348,"column":21},"end":{"line":350,"column":9}}]},"107":{"type":"branch","line":351,"loc":{"start":{"line":351,"column":73},"end":{"line":370,"column":9}},"locations":[{"start":{"line":351,"column":73},"end":{"line":370,"column":9}}]},"108":{"type":"branch","line":353,"loc":{"start":{"line":353,"column":19},"end":{"line":353,"column":42}},"locations":[{"start":{"line":353,"column":19},"end":{"line":353,"column":42}}]},"109":{"type":"branch","line":353,"loc":{"start":{"line":353,"column":35},"end":{"line":353,"column":57}},"locations":[{"start":{"line":353,"column":35},"end":{"line":353,"column":57}}]},"110":{"type":"branch","line":353,"loc":{"start":{"line":353,"column":57},"end":{"line":355,"column":13}},"locations":[{"start":{"line":353,"column":57},"end":{"line":355,"column":13}}]},"111":{"type":"branch","line":355,"loc":{"start":{"line":355,"column":12},"end":{"line":356,"column":65}},"locations":[{"start":{"line":355,"column":12},"end":{"line":356,"column":65}}]},"112":{"type":"branch","line":357,"loc":{"start":{"line":357,"column":32},"end":{"line":357,"column":52}},"locations":[{"start":{"line":357,"column":32},"end":{"line":357,"column":52}}]},"113":{"type":"branch","line":357,"loc":{"start":{"line":357,"column":48},"end":{"line":357,"column":57}},"locations":[{"start":{"line":357,"column":48},"end":{"line":357,"column":57}}]},"114":{"type":"branch","line":358,"loc":{"start":{"line":358,"column":17},"end":{"line":358,"column":55}},"locations":[{"start":{"line":358,"column":17},"end":{"line":358,"column":55}}]},"115":{"type":"branch","line":358,"loc":{"start":{"line":358,"column":55},"end":{"line":360,"column":13}},"locations":[{"start":{"line":358,"column":55},"end":{"line":360,"column":13}}]},"116":{"type":"branch","line":360,"loc":{"start":{"line":360,"column":12},"end":{"line":366,"column":61}},"locations":[{"start":{"line":360,"column":12},"end":{"line":366,"column":61}}]},"117":{"type":"branch","line":366,"loc":{"start":{"line":366,"column":60},"end":{"line":367,"column":89}},"locations":[{"start":{"line":366,"column":60},"end":{"line":367,"column":89}}]},"118":{"type":"branch","line":367,"loc":{"start":{"line":367,"column":33},"end":{"line":367,"column":50}},"locations":[{"start":{"line":367,"column":33},"end":{"line":367,"column":50}}]},"119":{"type":"branch","line":367,"loc":{"start":{"line":367,"column":39},"end":{"line":367,"column":89}},"locations":[{"start":{"line":367,"column":39},"end":{"line":367,"column":89}}]},"120":{"type":"branch","line":367,"loc":{"start":{"line":367,"column":65},"end":{"line":367,"column":81}},"locations":[{"start":{"line":367,"column":65},"end":{"line":367,"column":81}}]},"121":{"type":"branch","line":367,"loc":{"start":{"line":367,"column":81},"end":{"line":368,"column":58}},"locations":[{"start":{"line":367,"column":81},"end":{"line":368,"column":58}}]},"122":{"type":"branch","line":368,"loc":{"start":{"line":368,"column":33},"end":{"line":368,"column":50}},"locations":[{"start":{"line":368,"column":33},"end":{"line":368,"column":50}}]},"123":{"type":"branch","line":368,"loc":{"start":{"line":368,"column":39},"end":{"line":368,"column":58}},"locations":[{"start":{"line":368,"column":39},"end":{"line":368,"column":58}}]},"124":{"type":"branch","line":370,"loc":{"start":{"line":370,"column":8},"end":{"line":371,"column":20}},"locations":[{"start":{"line":370,"column":8},"end":{"line":371,"column":20}}]},"125":{"type":"branch","line":379,"loc":{"start":{"line":379,"column":14},"end":{"line":379,"column":38}},"locations":[{"start":{"line":379,"column":14},"end":{"line":379,"column":38}}]},"126":{"type":"branch","line":379,"loc":{"start":{"line":379,"column":20},"end":{"line":379,"column":38}},"locations":[{"start":{"line":379,"column":20},"end":{"line":379,"column":38}}]},"127":{"type":"branch","line":382,"loc":{"start":{"line":382,"column":23},"end":{"line":390,"column":6}},"locations":[{"start":{"line":382,"column":23},"end":{"line":390,"column":6}}]},"128":{"type":"branch","line":383,"loc":{"start":{"line":383,"column":49},"end":{"line":388,"column":9}},"locations":[{"start":{"line":383,"column":49},"end":{"line":388,"column":9}}]},"129":{"type":"branch","line":385,"loc":{"start":{"line":385,"column":59},"end":{"line":385,"column":105}},"locations":[{"start":{"line":385,"column":59},"end":{"line":385,"column":105}}]},"130":{"type":"branch","line":385,"loc":{"start":{"line":385,"column":105},"end":{"line":387,"column":13}},"locations":[{"start":{"line":385,"column":105},"end":{"line":387,"column":13}}]},"131":{"type":"branch","line":392,"loc":{"start":{"line":392,"column":20},"end":{"line":505,"column":6}},"locations":[{"start":{"line":392,"column":20},"end":{"line":505,"column":6}}]},"132":{"type":"branch","line":393,"loc":{"start":{"line":393,"column":29},"end":{"line":393,"column":48}},"locations":[{"start":{"line":393,"column":29},"end":{"line":393,"column":48}}]},"133":{"type":"branch","line":393,"loc":{"start":{"line":393,"column":48},"end":{"line":395,"column":9}},"locations":[{"start":{"line":393,"column":48},"end":{"line":395,"column":9}}]},"134":{"type":"branch","line":395,"loc":{"start":{"line":395,"column":8},"end":{"line":396,"column":25}},"locations":[{"start":{"line":395,"column":8},"end":{"line":396,"column":25}}]},"135":{"type":"branch","line":396,"loc":{"start":{"line":396,"column":8},"end":{"line":396,"column":27}},"locations":[{"start":{"line":396,"column":8},"end":{"line":396,"column":27}}]},"136":{"type":"branch","line":409,"loc":{"start":{"line":409,"column":25},"end":{"line":431,"column":10}},"locations":[{"start":{"line":409,"column":25},"end":{"line":431,"column":10}}]},"137":{"type":"branch","line":412,"loc":{"start":{"line":412,"column":22},"end":{"line":412,"column":68}},"locations":[{"start":{"line":412,"column":22},"end":{"line":412,"column":68}}]},"138":{"type":"branch","line":413,"loc":{"start":{"line":413,"column":33},"end":{"line":413,"column":45}},"locations":[{"start":{"line":413,"column":33},"end":{"line":413,"column":45}}]},"139":{"type":"branch","line":414,"loc":{"start":{"line":414,"column":36},"end":{"line":414,"column":51}},"locations":[{"start":{"line":414,"column":36},"end":{"line":414,"column":51}}]},"140":{"type":"branch","line":416,"loc":{"start":{"line":416,"column":56},"end":{"line":419,"column":24}},"locations":[{"start":{"line":416,"column":56},"end":{"line":419,"column":24}}]},"141":{"type":"branch","line":421,"loc":{"start":{"line":421,"column":30},"end":{"line":423,"column":23}},"locations":[{"start":{"line":421,"column":30},"end":{"line":423,"column":23}}]},"142":{"type":"branch","line":427,"loc":{"start":{"line":427,"column":26},"end":{"line":429,"column":17}},"locations":[{"start":{"line":427,"column":26},"end":{"line":429,"column":17}}]},"143":{"type":"branch","line":433,"loc":{"start":{"line":433,"column":23},"end":{"line":456,"column":10}},"locations":[{"start":{"line":433,"column":23},"end":{"line":456,"column":10}}]},"144":{"type":"branch","line":438,"loc":{"start":{"line":438,"column":27},"end":{"line":441,"column":13}},"locations":[{"start":{"line":438,"column":27},"end":{"line":441,"column":13}}]},"145":{"type":"branch","line":445,"loc":{"start":{"line":445,"column":23},"end":{"line":447,"column":13}},"locations":[{"start":{"line":445,"column":23},"end":{"line":447,"column":13}}]},"146":{"type":"branch","line":448,"loc":{"start":{"line":448,"column":18},"end":{"line":455,"column":13}},"locations":[{"start":{"line":448,"column":18},"end":{"line":455,"column":13}}]},"147":{"type":"branch","line":452,"loc":{"start":{"line":452,"column":20},"end":{"line":452,"column":39}},"locations":[{"start":{"line":452,"column":20},"end":{"line":452,"column":39}}]},"148":{"type":"branch","line":452,"loc":{"start":{"line":452,"column":30},"end":{"line":452,"column":47}},"locations":[{"start":{"line":452,"column":30},"end":{"line":452,"column":47}}]},"149":{"type":"branch","line":452,"loc":{"start":{"line":452,"column":47},"end":{"line":454,"column":17}},"locations":[{"start":{"line":452,"column":47},"end":{"line":454,"column":17}}]},"150":{"type":"branch","line":457,"loc":{"start":{"line":457,"column":66},"end":{"line":497,"column":9}},"locations":[{"start":{"line":457,"column":66},"end":{"line":497,"column":9}}]},"151":{"type":"branch","line":458,"loc":{"start":{"line":458,"column":17},"end":{"line":458,"column":106}},"locations":[{"start":{"line":458,"column":17},"end":{"line":458,"column":106}}]},"152":{"type":"branch","line":458,"loc":{"start":{"line":458,"column":106},"end":{"line":460,"column":13}},"locations":[{"start":{"line":458,"column":106},"end":{"line":460,"column":13}}]},"153":{"type":"branch","line":461,"loc":{"start":{"line":461,"column":24},"end":{"line":468,"column":13}},"locations":[{"start":{"line":461,"column":24},"end":{"line":468,"column":13}}]},"154":{"type":"branch","line":472,"loc":{"start":{"line":472,"column":18},"end":{"line":496,"column":13}},"locations":[{"start":{"line":472,"column":18},"end":{"line":496,"column":13}}]},"155":{"type":"branch","line":481,"loc":{"start":{"line":481,"column":26},"end":{"line":483,"column":23}},"locations":[{"start":{"line":481,"column":26},"end":{"line":483,"column":23}}]},"156":{"type":"branch","line":483,"loc":{"start":{"line":483,"column":16},"end":{"line":495,"column":17}},"locations":[{"start":{"line":483,"column":16},"end":{"line":495,"column":17}}]},"157":{"type":"branch","line":490,"loc":{"start":{"line":490,"column":76},"end":{"line":491,"column":51}},"locations":[{"start":{"line":490,"column":76},"end":{"line":491,"column":51}}]},"158":{"type":"branch","line":491,"loc":{"start":{"line":491,"column":46},"end":{"line":491,"column":78}},"locations":[{"start":{"line":491,"column":46},"end":{"line":491,"column":78}}]},"159":{"type":"branch","line":492,"loc":{"start":{"line":492,"column":33},"end":{"line":494,"column":21}},"locations":[{"start":{"line":492,"column":33},"end":{"line":494,"column":21}}]},"160":{"type":"branch","line":498,"loc":{"start":{"line":498,"column":50},"end":{"line":498,"column":68}},"locations":[{"start":{"line":498,"column":50},"end":{"line":498,"column":68}}]},"161":{"type":"branch","line":499,"loc":{"start":{"line":499,"column":66},"end":{"line":503,"column":9}},"locations":[{"start":{"line":499,"column":66},"end":{"line":503,"column":9}}]},"162":{"type":"branch","line":504,"loc":{"start":{"line":504,"column":25},"end":{"line":504,"column":45}},"locations":[{"start":{"line":504,"column":25},"end":{"line":504,"column":45}}]},"163":{"type":"branch","line":507,"loc":{"start":{"line":507,"column":21},"end":{"line":513,"column":6}},"locations":[{"start":{"line":507,"column":21},"end":{"line":513,"column":6}}]},"164":{"type":"branch","line":508,"loc":{"start":{"line":508,"column":27},"end":{"line":511,"column":9}},"locations":[{"start":{"line":508,"column":27},"end":{"line":511,"column":9}}]},"165":{"type":"branch","line":511,"loc":{"start":{"line":511,"column":8},"end":{"line":512,"column":21}},"locations":[{"start":{"line":511,"column":8},"end":{"line":512,"column":21}}]},"166":{"type":"branch","line":516,"loc":{"start":{"line":516,"column":21},"end":{"line":517,"column":73}},"locations":[{"start":{"line":516,"column":21},"end":{"line":517,"column":73}}]},"167":{"type":"branch","line":517,"loc":{"start":{"line":517,"column":41},"end":{"line":517,"column":70}},"locations":[{"start":{"line":517,"column":41},"end":{"line":517,"column":70}}]},"168":{"type":"branch","line":517,"loc":{"start":{"line":517,"column":45},"end":{"line":517,"column":73}},"locations":[{"start":{"line":517,"column":45},"end":{"line":517,"column":73}}]},"169":{"type":"branch","line":522,"loc":{"start":{"line":522,"column":20},"end":{"line":532,"column":6}},"locations":[{"start":{"line":522,"column":20},"end":{"line":532,"column":6}}]},"170":{"type":"branch","line":524,"loc":{"start":{"line":524,"column":17},"end":{"line":524,"column":61}},"locations":[{"start":{"line":524,"column":17},"end":{"line":524,"column":61}}]},"171":{"type":"branch","line":524,"loc":{"start":{"line":524,"column":61},"end":{"line":526,"column":9}},"locations":[{"start":{"line":524,"column":61},"end":{"line":526,"column":9}}]},"172":{"type":"branch","line":528,"loc":{"start":{"line":528,"column":12},"end":{"line":528,"column":43}},"locations":[{"start":{"line":528,"column":12},"end":{"line":528,"column":43}}]},"173":{"type":"branch","line":528,"loc":{"start":{"line":528,"column":43},"end":{"line":530,"column":9}},"locations":[{"start":{"line":528,"column":43},"end":{"line":530,"column":9}}]},"174":{"type":"branch","line":541,"loc":{"start":{"line":541,"column":21},"end":{"line":562,"column":6}},"locations":[{"start":{"line":541,"column":21},"end":{"line":562,"column":6}}]},"175":{"type":"branch","line":542,"loc":{"start":{"line":542,"column":26},"end":{"line":542,"column":45}},"locations":[{"start":{"line":542,"column":26},"end":{"line":542,"column":45}}]},"176":{"type":"branch","line":542,"loc":{"start":{"line":542,"column":36},"end":{"line":542,"column":61}},"locations":[{"start":{"line":542,"column":36},"end":{"line":542,"column":61}}]},"177":{"type":"branch","line":542,"loc":{"start":{"line":542,"column":50},"end":{"line":542,"column":66}},"locations":[{"start":{"line":542,"column":50},"end":{"line":542,"column":66}}]},"178":{"type":"branch","line":545,"loc":{"start":{"line":545,"column":29},"end":{"line":545,"column":81}},"locations":[{"start":{"line":545,"column":29},"end":{"line":545,"column":81}}]},"179":{"type":"branch","line":545,"loc":{"start":{"line":545,"column":70},"end":{"line":545,"column":86}},"locations":[{"start":{"line":545,"column":70},"end":{"line":545,"column":86}}]},"180":{"type":"branch","line":558,"loc":{"start":{"line":558,"column":66},"end":{"line":558,"column":79}},"locations":[{"start":{"line":558,"column":66},"end":{"line":558,"column":79}}]},"181":{"type":"branch","line":560,"loc":{"start":{"line":560,"column":14},"end":{"line":560,"column":109}},"locations":[{"start":{"line":560,"column":14},"end":{"line":560,"column":109}}]},"182":{"type":"branch","line":560,"loc":{"start":{"line":560,"column":99},"end":{"line":560,"column":114}},"locations":[{"start":{"line":560,"column":99},"end":{"line":560,"column":114}}]},"183":{"type":"branch","line":543,"loc":{"start":{"line":543,"column":50},"end":{"line":543,"column":69}},"locations":[{"start":{"line":543,"column":50},"end":{"line":543,"column":69}}]},"184":{"type":"branch","line":545,"loc":{"start":{"line":545,"column":36},"end":{"line":545,"column":81}},"locations":[{"start":{"line":545,"column":36},"end":{"line":545,"column":81}}]},"185":{"type":"branch","line":545,"loc":{"start":{"line":545,"column":57},"end":{"line":545,"column":70}},"locations":[{"start":{"line":545,"column":57},"end":{"line":545,"column":70}}]},"186":{"type":"branch","line":545,"loc":{"start":{"line":545,"column":61},"end":{"line":545,"column":81}},"locations":[{"start":{"line":545,"column":61},"end":{"line":545,"column":81}}]},"187":{"type":"branch","line":546,"loc":{"start":{"line":546,"column":29},"end":{"line":546,"column":90}},"locations":[{"start":{"line":546,"column":29},"end":{"line":546,"column":90}}]},"188":{"type":"branch","line":546,"loc":{"start":{"line":546,"column":69},"end":{"line":546,"column":82}},"locations":[{"start":{"line":546,"column":69},"end":{"line":546,"column":82}}]},"189":{"type":"branch","line":546,"loc":{"start":{"line":546,"column":73},"end":{"line":546,"column":90}},"locations":[{"start":{"line":546,"column":73},"end":{"line":546,"column":90}}]},"190":{"type":"branch","line":547,"loc":{"start":{"line":547,"column":42},"end":{"line":547,"column":62}},"locations":[{"start":{"line":547,"column":42},"end":{"line":547,"column":62}}]},"191":{"type":"branch","line":549,"loc":{"start":{"line":549,"column":31},"end":{"line":549,"column":66}},"locations":[{"start":{"line":549,"column":31},"end":{"line":549,"column":66}}]},"192":{"type":"branch","line":550,"loc":{"start":{"line":550,"column":27},"end":{"line":550,"column":50}},"locations":[{"start":{"line":550,"column":27},"end":{"line":550,"column":50}}]},"193":{"type":"branch","line":552,"loc":{"start":{"line":552,"column":31},"end":{"line":557,"column":21}},"locations":[{"start":{"line":552,"column":31},"end":{"line":557,"column":21}}]},"194":{"type":"branch","line":560,"loc":{"start":{"line":560,"column":80},"end":{"line":560,"column":98}},"locations":[{"start":{"line":560,"column":80},"end":{"line":560,"column":98}}]},"195":{"type":"branch","line":565,"loc":{"start":{"line":565,"column":15},"end":{"line":565,"column":49}},"locations":[{"start":{"line":565,"column":15},"end":{"line":565,"column":49}}]},"196":{"type":"branch","line":567,"loc":{"start":{"line":567,"column":51},"end":{"line":567,"column":88}},"locations":[{"start":{"line":567,"column":51},"end":{"line":567,"column":88}}]},"197":{"type":"branch","line":567,"loc":{"start":{"line":567,"column":69},"end":{"line":567,"column":87}},"locations":[{"start":{"line":567,"column":69},"end":{"line":567,"column":87}}]},"198":{"type":"branch","line":568,"loc":{"start":{"line":568,"column":10},"end":{"line":578,"column":9}},"locations":[{"start":{"line":568,"column":10},"end":{"line":578,"column":9}}]},"199":{"type":"branch","line":572,"loc":{"start":{"line":572,"column":19},"end":{"line":575,"column":102}},"locations":[{"start":{"line":572,"column":19},"end":{"line":575,"column":102}}]},"200":{"type":"branch","line":575,"loc":{"start":{"line":575,"column":69},"end":{"line":575,"column":82}},"locations":[{"start":{"line":575,"column":69},"end":{"line":575,"column":82}}]},"201":{"type":"branch","line":575,"loc":{"start":{"line":575,"column":94},"end":{"line":577,"column":21}},"locations":[{"start":{"line":575,"column":94},"end":{"line":577,"column":21}}]}},"b":{"0":[38],"1":[3],"2":[195],"3":[16],"4":[112],"5":[186],"6":[46],"7":[140],"8":[65],"9":[65],"10":[29],"11":[37],"12":[81],"13":[120],"14":[34],"15":[86],"16":[47],"17":[47],"18":[26],"19":[21],"20":[14],"21":[23],"22":[5],"23":[18],"24":[9],"25":[9],"26":[4],"27":[5],"28":[118],"29":[210],"30":[30],"31":[81],"32":[80],"33":[202],"34":[12],"35":[11],"36":[11],"37":[2],"38":[10],"39":[5],"40":[10],"41":[5],"42":[12],"43":[11],"44":[2],"45":[10],"46":[6],"47":[3],"48":[1],"49":[2],"50":[1],"51":[12],"52":[36],"53":[68],"54":[40],"55":[40],"56":[24],"57":[13],"58":[0],"59":[58],"60":[13],"61":[0],"62":[14],"63":[13],"64":[19],"65":[0],"66":[0],"67":[13],"68":[13],"69":[6],"70":[2],"71":[17],"72":[2],"73":[1],"74":[15],"75":[3],"76":[2],"77":[2],"78":[1],"79":[12],"80":[1],"81":[11],"82":[1],"83":[38],"84":[18],"85":[17],"86":[1],"87":[3],"88":[17],"89":[10],"90":[7],"91":[0],"92":[38],"93":[15],"94":[0],"95":[6],"96":[0],"97":[2],"98":[4],"99":[0],"100":[1],"101":[3],"102":[3],"103":[1],"104":[4],"105":[22],"106":[0],"107":[102],"108":[22],"109":[18],"110":[87],"111":[15],"112":[15],"113":[0],"114":[15],"115":[1],"116":[14],"117":[3],"118":[1],"119":[2],"120":[0],"121":[11],"122":[10],"123":[1],"124":[8],"125":[38],"126":[1],"127":[11],"128":[44],"129":[0],"130":[0],"131":[12],"132":[11],"133":[1],"134":[11],"135":[0],"136":[10],"137":[0],"138":[0],"139":[0],"140":[0],"141":[0],"142":[6],"143":[11],"144":[10],"145":[10],"146":[11],"147":[9],"148":[9],"149":[6],"150":[12],"151":[10],"152":[0],"153":[10],"154":[12],"155":[8],"156":[4],"157":[2],"158":[2],"159":[3],"160":[9],"161":[1],"162":[1],"163":[9],"164":[1],"165":[8],"166":[365],"167":[13],"168":[352],"169":[491],"170":[90],"171":[12],"172":[108],"173":[15],"174":[285],"175":[109],"176":[108],"177":[177],"178":[108],"179":[177],"180":[251],"181":[108],"182":[177],"183":[491],"184":[142],"185":[60],"186":[82],"187":[365],"188":[13],"189":[352],"190":[365],"191":[12],"192":[9],"193":[4],"194":[177],"195":[38],"196":[49],"197":[108],"198":[60],"199":[12],"200":[11],"201":[48]},"fnMap":{"0":{"name":"nodes","decl":{"start":{"line":93,"column":18},"end":{"line":93,"column":75}},"loc":{"start":{"line":93,"column":18},"end":{"line":93,"column":75}},"line":93},"1":{"name":"find","decl":{"start":{"line":96,"column":17},"end":{"line":109,"column":6}},"loc":{"start":{"line":96,"column":17},"end":{"line":109,"column":6}},"line":96},"2":{"name":"byKey","decl":{"start":{"line":112,"column":18},"end":{"line":125,"column":6}},"loc":{"start":{"line":112,"column":18},"end":{"line":125,"column":6}},"line":112},"3":{"name":"parentOf","decl":{"start":{"line":127,"column":21},"end":{"line":140,"column":6}},"loc":{"start":{"line":127,"column":21},"end":{"line":140,"column":6}},"line":127},"4":{"name":"seed","decl":{"start":{"line":144,"column":17},"end":{"line":153,"column":6}},"loc":{"start":{"line":144,"column":17},"end":{"line":153,"column":6}},"line":144},"5":{"name":"isOpen","decl":{"start":{"line":156,"column":19},"end":{"line":156,"column":58}},"loc":{"start":{"line":156,"column":19},"end":{"line":156,"column":58}},"line":156},"6":{"name":"setOpen","decl":{"start":{"line":158,"column":20},"end":{"line":170,"column":6}},"loc":{"start":{"line":158,"column":20},"end":{"line":170,"column":6}},"line":158},"7":{"name":"doSelect","decl":{"start":{"line":177,"column":21},"end":{"line":184,"column":6}},"loc":{"start":{"line":177,"column":21},"end":{"line":184,"column":6}},"line":177},"8":{"name":"open","decl":{"start":{"line":187,"column":14},"end":{"line":187,"column":52}},"loc":{"start":{"line":187,"column":14},"end":{"line":187,"column":52}},"line":187},"9":{"name":"close","decl":{"start":{"line":188,"column":15},"end":{"line":188,"column":54}},"loc":{"start":{"line":188,"column":15},"end":{"line":188,"column":54}},"line":188},"10":{"name":"select","decl":{"start":{"line":189,"column":16},"end":{"line":189,"column":49}},"loc":{"start":{"line":189,"column":16},"end":{"line":189,"column":49}},"line":189},"11":{"name":"toggle","decl":{"start":{"line":190,"column":16},"end":{"line":190,"column":61}},"loc":{"start":{"line":190,"column":16},"end":{"line":190,"column":61}},"line":190},"12":{"name":"visible","decl":{"start":{"line":196,"column":20},"end":{"line":208,"column":6}},"loc":{"start":{"line":196,"column":20},"end":{"line":208,"column":6}},"line":196},"13":{"name":"walk","decl":{"start":{"line":198,"column":21},"end":{"line":205,"column":10}},"loc":{"start":{"line":198,"column":21},"end":{"line":205,"column":10}},"line":198},"14":{"name":"rowOf","decl":{"start":{"line":210,"column":18},"end":{"line":221,"column":6}},"loc":{"start":{"line":210,"column":18},"end":{"line":221,"column":6}},"line":210},"15":{"name":"focusNode","decl":{"start":{"line":223,"column":22},"end":{"line":227,"column":6}},"loc":{"start":{"line":223,"column":22},"end":{"line":227,"column":6}},"line":223},"16":{"name":"onKeydown","decl":{"start":{"line":229,"column":22},"end":{"line":261,"column":6}},"loc":{"start":{"line":229,"column":22},"end":{"line":261,"column":6}},"line":229},"17":{"name":"contains","decl":{"start":{"line":281,"column":21},"end":{"line":282,"column":88}},"loc":{"start":{"line":281,"column":21},"end":{"line":282,"column":88}},"line":281},"18":{"name":"locate","decl":{"start":{"line":285,"column":19},"end":{"line":299,"column":6}},"loc":{"start":{"line":285,"column":19},"end":{"line":299,"column":6}},"line":285},"19":{"name":"canDropFrom","decl":{"start":{"line":302,"column":24},"end":{"line":308,"column":6}},"loc":{"start":{"line":302,"column":24},"end":{"line":308,"column":6}},"line":302},"20":{"name":"moveNode","decl":{"start":{"line":310,"column":21},"end":{"line":341,"column":6}},"loc":{"start":{"line":310,"column":21},"end":{"line":341,"column":6}},"line":310},"21":{"name":"computeDrop","decl":{"start":{"line":347,"column":24},"end":{"line":372,"column":6}},"loc":{"start":{"line":347,"column":24},"end":{"line":372,"column":6}},"line":347},"22":{"name":"scrollerOf","decl":{"start":{"line":382,"column":23},"end":{"line":390,"column":6}},"loc":{"start":{"line":382,"column":23},"end":{"line":390,"column":6}},"line":382},"23":{"name":"armDrag","decl":{"start":{"line":392,"column":20},"end":{"line":505,"column":6}},"loc":{"start":{"line":392,"column":20},"end":{"line":505,"column":6}},"line":392},"24":{"name":"autoStep","decl":{"start":{"line":409,"column":25},"end":{"line":431,"column":10}},"loc":{"start":{"line":409,"column":25},"end":{"line":431,"column":10}},"line":409},"25":{"name":"finish","decl":{"start":{"line":433,"column":23},"end":{"line":456,"column":10}},"loc":{"start":{"line":433,"column":23},"end":{"line":456,"column":10}},"line":433},"26":{"name":"releaseGesture","decl":{"start":{"line":504,"column":25},"end":{"line":504,"column":45}},"loc":{"start":{"line":504,"column":25},"end":{"line":504,"column":45}},"line":504},"27":{"name":"clickRow","decl":{"start":{"line":507,"column":21},"end":{"line":513,"column":6}},"loc":{"start":{"line":507,"column":21},"end":{"line":513,"column":6}},"line":507},"28":{"name":"rowClass","decl":{"start":{"line":516,"column":21},"end":{"line":517,"column":73}},"loc":{"start":{"line":516,"column":21},"end":{"line":517,"column":73}},"line":516},"29":{"name":"liClass","decl":{"start":{"line":522,"column":20},"end":{"line":532,"column":6}},"loc":{"start":{"line":522,"column":20},"end":{"line":532,"column":6}},"line":522},"30":{"name":"nodeView","decl":{"start":{"line":541,"column":21},"end":{"line":562,"column":6}},"loc":{"start":{"line":541,"column":21},"end":{"line":562,"column":6}},"line":541},"31":{"name":"__vite_ssr_import_0__.html.d","decl":{"start":{"line":567,"column":51},"end":{"line":567,"column":88}},"loc":{"start":{"line":567,"column":51},"end":{"line":567,"column":88}},"line":567}},"f":{"0":195,"1":112,"2":81,"3":14,"4":118,"5":202,"6":12,"7":12,"8":3,"9":1,"10":2,"11":1,"12":12,"13":36,"14":13,"15":14,"16":19,"17":18,"18":17,"19":15,"20":6,"21":22,"22":11,"23":12,"24":10,"25":11,"26":1,"27":9,"28":365,"29":491,"30":285,"31":49}}
}
